#
# There is insufficient memory for the Java Runtime Environment to continue.
# pthread_getattr_np
# Possible reasons:
#   The system is out of physical RAM or swap space
#   In 32 bit mode, the process size limit was hit
# Possible solutions:
#   Reduce memory load on the system
#   Increase physical memory or swap space
#   Check if swap backing store is full
#   Use 64 bit Java on a 64 bit OS
#   Decrease Java heap size (-Xmx/-Xms)
#   Decrease number of Java threads
#   Decrease Java thread stack sizes (-Xss)
#   Set larger code cache with -XX:ReservedCodeCacheSize=
# This output file may be truncated or incomplete.
#
#  Out of Memory Error (os_linux_x86.cpp:728), pid=43389, tid=47139207444224
#
# JRE version: Java(TM) SE Runtime Environment (8.0_25-b17) (build 1.8.0_25-b17)
# Java VM: Java HotSpot(TM) 64-Bit Server VM (25.25-b02 mixed mode linux-amd64 compressed oops)
# Failed to write core dump. Core dumps have been disabled. To enable core dumping, try "ulimit -c unlimited" before starting Java again
#

---------------  T H R E A D  ---------------

Current thread (0x00002ae0a4003000):  JavaThread "qtp1798943266-126" daemon [_thread_new, id=5231, stack(0x0000000000000000,0x0000000000000000)]

Stack: [0x0000000000000000,0x0000000000000000],  sp=0x00002adf73b6e780,  free space=46034382265k
Native frames: (J=compiled Java code, j=interpreted, Vv=VM code, C=native code)
V  [libjvm.so+0xa7923a]


---------------  P R O C E S S  ---------------

Java Threads: ( => current thread )
=>0x00002ae0a4003000 JavaThread "qtp1798943266-126" daemon [_thread_new, id=5231, stack(0x0000000000000000,0x0000000000000000)]
  0x00002ae100001800 JavaThread "block-manager-ask-thread-pool-1" daemon [_thread_blocked, id=5230, stack(0x00002adf7396e000,0x00002adf73a6f000)]
  0x00002ae108004800 JavaThread "block-manager-slave-async-thread-pool-2" daemon [_thread_blocked, id=5229, stack(0x00002adf7386d000,0x00002adf7396e000)]
  0x00002ae108003800 JavaThread "block-manager-slave-async-thread-pool-1" daemon [_thread_blocked, id=5228, stack(0x00002adf7356c000,0x00002adf7366d000)]
  0x00002ae048018000 JavaThread "block-manager-slave-async-thread-pool-0" daemon [_thread_blocked, id=5226, stack(0x00002adf71010000,0x00002adf71111000)]
  0x00002ae0e401d000 JavaThread "block-manager-ask-thread-pool-0" daemon [_thread_blocked, id=5225, stack(0x00002ae10c000000,0x00002ae10c101000)]
  0x00002ae0a4001800 JavaThread "qtp1798943266-116" daemon [_thread_blocked, id=4626, stack(0x00002adf70e0e000,0x00002adf70f0f000)]
  0x00002ae0e4026000 JavaThread "task-result-getter-3" daemon [_thread_blocked, id=44407, stack(0x00002adf7346b000,0x00002adf7356c000)]
  0x00002ae0e4024000 JavaThread "task-result-getter-2" daemon [_thread_blocked, id=44406, stack(0x00002adf7336a000,0x00002adf7346b000)]
  0x00002ae0e4022000 JavaThread "task-result-getter-1" daemon [_thread_blocked, id=44405, stack(0x00002adf73269000,0x00002adf7336a000)]
  0x00002ae0e4018000 JavaThread "task-result-getter-0" daemon [_thread_blocked, id=44404, stack(0x00002adf73168000,0x00002adf73269000)]
  0x00002ae11c028000 JavaThread "threadDeathWatcher-2-1" daemon [_thread_blocked, id=44388, stack(0x00002adf72066000,0x00002adf72167000)]
  0x00002ae104008800 JavaThread "shuffle-server-1" daemon [_thread_in_native, id=44387, stack(0x00002adf71f65000,0x00002adf72066000)]
  0x00002ae03c8e9000 JavaThread "SparkListenerBus" daemon [_thread_blocked, id=43587, stack(0x00002adf71612000,0x00002adf71713000)]
  0x00002ae03c8e7800 JavaThread "Spark Context Cleaner" daemon [_thread_blocked, id=43586, stack(0x00002adf71511000,0x00002adf71612000)]
  0x00002ae03c81a800 JavaThread "shuffle-server-0" daemon [_thread_in_native, id=43582, stack(0x00002adf70f0f000,0x00002adf71010000)]
  0x00002ae0e4001000 JavaThread "sparkDriver-akka.actor.default-dispatcher-20" daemon [_thread_blocked, id=43575, stack(0x00002ae0f4101000,0x00002ae0f4202000)]
  0x00002ae0dc001000 JavaThread "sparkDriver-akka.actor.default-dispatcher-19" daemon [_thread_blocked, id=43574, stack(0x00002ae0f4000000,0x00002ae0f4101000)]
  0x00002ae0d8001000 JavaThread "sparkDriver-akka.actor.default-dispatcher-18" daemon [_thread_blocked, id=43573, stack(0x00002ae0e8202000,0x00002ae0e8303000)]
  0x00002ae048023000 JavaThread "sparkDriver-akka.actor.default-dispatcher-17" daemon [_thread_blocked, id=43572, stack(0x00002ae0e8101000,0x00002ae0e8202000)]
  0x00002ae05812a800 JavaThread "sparkDriver-akka.actor.default-dispatcher-16" daemon [_thread_blocked, id=43571, stack(0x00002adf70d0d000,0x00002adf70e0e000)]
  0x00002ae04c016800 JavaThread "sparkDriver-akka.actor.default-dispatcher-15" daemon [_thread_blocked, id=43570, stack(0x00002ae0e0000000,0x00002ae0e0101000)]
  0x00002ae058129000 JavaThread "sparkDriver-akka.actor.default-dispatcher-14" daemon [_thread_blocked, id=43569, stack(0x00002adf70c0c000,0x00002adf70d0d000)]
  0x00002ae064001000 JavaThread "Hashed wheel timer #1" daemon [_thread_blocked, id=43568, stack(0x00002adf70b0b000,0x00002adf70c0c000)]
  0x00002ae04c00e000 JavaThread "driver-revive-thread" daemon [_thread_blocked, id=43561, stack(0x00002adf7080a000,0x00002adf7090b000)]
  0x00002ae03c6f1800 JavaThread "dag-scheduler-event-loop" daemon [_thread_blocked, id=43560, stack(0x00002adf70709000,0x00002adf7080a000)]
  0x00002ae03c6cd800 JavaThread "Timer-0" daemon [_thread_blocked, id=43559, stack(0x00002adf6bea4000,0x00002adf6bfa5000)]
  0x00002ae048015000 JavaThread "heartbeat-receiver-event-loop-thread" daemon [_thread_blocked, id=43558, stack(0x00002adf6bda3000,0x00002adf6bea4000)]
  0x00002ae03c68b800 JavaThread "qtp1798943266-60 Acceptor3 SelectChannelConnector@0.0.0.0:4040" daemon [_thread_in_native, id=43557, stack(0x00002adf98505000,0x00002adf98606000)]
  0x00002ae03c689800 JavaThread "qtp1798943266-59 Acceptor2 SelectChannelConnector@0.0.0.0:4040" daemon [_thread_blocked, id=43556, stack(0x00002adf98404000,0x00002adf98505000)]
  0x00002ae03c688000 JavaThread "qtp1798943266-58 Acceptor1 SelectChannelConnector@0.0.0.0:4040" daemon [_thread_blocked, id=43555, stack(0x00002adf98303000,0x00002adf98404000)]
  0x00002ae03c686000 JavaThread "qtp1798943266-57 Acceptor0 SelectChannelConnector@0.0.0.0:4040" daemon [_thread_blocked, id=43554, stack(0x00002adf98202000,0x00002adf98303000)]
  0x00002ae03c684800 JavaThread "qtp1798943266-56 Selector3" daemon [_thread_in_native, id=43553, stack(0x00002adf98101000,0x00002adf98202000)]
  0x00002ae03c683000 JavaThread "qtp1798943266-55 Selector1" daemon [_thread_in_native, id=43552, stack(0x00002adf98000000,0x00002adf98101000)]
  0x00002ae03c681000 JavaThread "qtp1798943266-54 Selector0" daemon [_thread_in_native, id=43551, stack(0x00002ae0a8000000,0x00002ae0a8101000)]
  0x00002ae03c5f4000 JavaThread "qtp1798943266-53 Selector2" daemon [_thread_in_native, id=43550, stack(0x00002adf70608000,0x00002adf70709000)]
  0x00002ae03c61d800 JavaThread "SPARK_CONTEXT cleanup timer" daemon [_thread_blocked, id=43549, stack(0x00002adf70101000,0x00002adf70202000)]
  0x00002ae03c60f800 JavaThread "qtp335458143-50" daemon [_thread_blocked, id=43548, stack(0x00002adf88f0f000,0x00002adf89010000)]
  0x00002ae03c60d800 JavaThread "qtp335458143-49" daemon [_thread_blocked, id=43547, stack(0x00002adf88e0e000,0x00002adf88f0f000)]
  0x00002ae03c60c000 JavaThread "qtp335458143-48" daemon [_thread_blocked, id=43546, stack(0x00002adf88d0d000,0x00002adf88e0e000)]
  0x00002ae03c60a000 JavaThread "qtp335458143-47" daemon [_thread_blocked, id=43545, stack(0x00002adf88c0c000,0x00002adf88d0d000)]
  0x00002ae03c608800 JavaThread "qtp335458143-46" daemon [_thread_blocked, id=43544, stack(0x00002adf88b0b000,0x00002adf88c0c000)]
  0x00002ae03c606800 JavaThread "qtp335458143-45" daemon [_thread_blocked, id=43543, stack(0x00002adf88a0a000,0x00002adf88b0b000)]
  0x00002ae03c605000 JavaThread "qtp335458143-44" daemon [_thread_blocked, id=43542, stack(0x00002ae084000000,0x00002ae084101000)]
  0x00002ae03c604800 JavaThread "qtp335458143-43 Acceptor0 SocketConnector@0.0.0.0:44608" daemon [_thread_in_native, id=43541, stack(0x00002adf70000000,0x00002adf70101000)]
  0x00002ae03c4eb800 JavaThread "BROADCAST_VARS cleanup timer" daemon [_thread_blocked, id=43540, stack(0x00002adf6bca2000,0x00002adf6bda3000)]
  0x00002ae03c4ee800 JavaThread "BLOCK_MANAGER cleanup timer" daemon [_thread_blocked, id=43539, stack(0x00002adf6bba1000,0x00002adf6bca2000)]
  0x00002ae03c3f1000 JavaThread "MAP_OUTPUT_TRACKER cleanup timer" daemon [_thread_blocked, id=43538, stack(0x00002adf6baa0000,0x00002adf6bba1000)]
  0x00002ae0580c0800 JavaThread "New I/O server boss #6" daemon [_thread_in_native, id=43537, stack(0x00002adf6b79f000,0x00002adf6b8a0000)]
  0x00002ae05806f000 JavaThread "New I/O worker #5" daemon [_thread_in_native, id=43536, stack(0x00002adf6b69e000,0x00002adf6b79f000)]
  0x00002ae058073800 JavaThread "New I/O worker #4" daemon [_thread_in_native, id=43535, stack(0x00002adf6b59d000,0x00002adf6b69e000)]
  0x00002ae058026800 JavaThread "New I/O boss #3" daemon [_thread_in_native, id=43534, stack(0x00002adf6b49c000,0x00002adf6b59d000)]
  0x00002ae05802e800 JavaThread "New I/O worker #2" daemon [_thread_in_native, id=43533, stack(0x00002adf6b39b000,0x00002adf6b49c000)]
  0x00002ae05802b000 JavaThread "New I/O worker #1" daemon [_thread_in_native, id=43532, stack(0x00002adf6b29a000,0x00002adf6b39b000)]
  0x00002ae03c380800 JavaThread "sparkDriver-akka.remote.default-remote-dispatcher-6" daemon [_thread_blocked, id=43531, stack(0x00002adf6af88000,0x00002adf6b089000)]
  0x00002ae04800c800 JavaThread "sparkDriver-akka.remote.default-remote-dispatcher-5" daemon [_thread_blocked, id=43530, stack(0x00002adf6ae87000,0x00002adf6af88000)]
  0x00002ae04c003000 JavaThread "sparkDriver-akka.actor.default-dispatcher-4" daemon [_thread_blocked, id=43529, stack(0x00002adf6ab86000,0x00002adf6ac87000)]
  0x00002ae03c34e800 JavaThread "sparkDriver-akka.actor.default-dispatcher-3" daemon [_thread_blocked, id=43528, stack(0x00002adf6aa85000,0x00002adf6ab86000)]
  0x00002ae03c33c800 JavaThread "sparkDriver-akka.actor.default-dispatcher-2" daemon [_thread_blocked, id=43527, stack(0x00002adf6a984000,0x00002adf6aa85000)]
  0x00002ae03c2bb800 JavaThread "sparkDriver-scheduler-1" daemon [_thread_blocked, id=43523, stack(0x00002adf6a030000,0x00002adf6a131000)]
  0x00002ae03800a800 JavaThread "Thread-3" [_thread_in_native, id=43519, stack(0x00002adf696c9000,0x00002adf697ca000)]
  0x00002adf543c9800 JavaThread "Thread-2" [_thread_in_native, id=43518, stack(0x00002adf693a2000,0x00002adf694a3000)]
  0x00002adf5438a800 JavaThread "pool-1-thread-1" [_thread_blocked, id=43517, stack(0x00002adf692a1000,0x00002adf693a2000)]
  0x00002adf540ed000 JavaThread "Service Thread" daemon [_thread_blocked, id=43508, stack(0x00002adf68279000,0x00002adf6837a000)]
  0x00002adf540df800 JavaThread "C1 CompilerThread11" daemon [_thread_blocked, id=43507, stack(0x00002ae020101000,0x00002ae020202000)]
  0x00002adf540dd800 JavaThread "C1 CompilerThread10" daemon [_thread_blocked, id=43506, stack(0x00002ae020000000,0x00002ae020101000)]
  0x00002adf540db800 JavaThread "C1 CompilerThread9" daemon [_thread_blocked, id=43505, stack(0x00002ae014101000,0x00002ae014202000)]
  0x00002adf540d9800 JavaThread "C1 CompilerThread8" daemon [_thread_blocked, id=43504, stack(0x00002ae014000000,0x00002ae014101000)]
  0x00002adf540d7000 JavaThread "C2 CompilerThread7" daemon [_thread_blocked, id=43503, stack(0x00002ae008101000,0x00002ae008202000)]
  0x00002adf540d5000 JavaThread "C2 CompilerThread6" daemon [_thread_blocked, id=43502, stack(0x00002ae008000000,0x00002ae008101000)]
  0x00002adf540d3000 JavaThread "C2 CompilerThread5" daemon [_thread_blocked, id=43501, stack(0x00002adffc101000,0x00002adffc202000)]
  0x00002adf540c8800 JavaThread "C2 CompilerThread4" daemon [_thread_blocked, id=43500, stack(0x00002adfe6295000,0x00002adfe6396000)]
  0x00002adf540c4800 JavaThread "C2 CompilerThread3" daemon [_thread_blocked, id=43499, stack(0x00002adffc000000,0x00002adffc101000)]
  0x00002adf540c2000 JavaThread "C2 CompilerThread2" daemon [_thread_blocked, id=43498, stack(0x00002adfe6194000,0x00002adfe6295000)]
  0x00002adf540c0800 JavaThread "C2 CompilerThread1" daemon [_thread_blocked, id=43497, stack(0x00002adfe6093000,0x00002adfe6194000)]
  0x00002adf540bd800 JavaThread "C2 CompilerThread0" daemon [_thread_blocked, id=43496, stack(0x00002adfe5f92000,0x00002adfe6093000)]
  0x00002adf540bb800 JavaThread "Signal Dispatcher" daemon [_thread_blocked, id=43495, stack(0x00002adfe5e91000,0x00002adfe5f92000)]
  0x00002adf5408d800 JavaThread "Finalizer" daemon [_thread_blocked, id=43494, stack(0x00002adfd4101000,0x00002adfd4202000)]
  0x00002adf5408b800 JavaThread "Reference Handler" daemon [_thread_blocked, id=43493, stack(0x00002adfd4000000,0x00002adfd4101000)]
  0x00002adf54009000 JavaThread "main" [_thread_in_native, id=43478, stack(0x00002adf50749000,0x00002adf5084a000)]

Other Threads:
  0x00002adf54084800 VMThread [stack: 0x00002adf88909000,0x00002adf88a0a000] [id=43492]
  0x00002adf540ef800 WatcherThread [stack: 0x00002adf6837a000,0x00002adf6847b000] [id=43509]

VM state:not at safepoint (normal execution)

VM Mutex/Monitor currently owned by a thread: None

Heap:
 PSYoungGen      total 153088K, used 37844K [0x00000000f5580000, 0x0000000100000000, 0x0000000100000000)
  eden space 131584K, 12% used [0x00000000f5580000,0x00000000f6578c00,0x00000000fd600000)
  from space 21504K, 99% used [0x00000000fd600000,0x00000000feafc7e8,0x00000000feb00000)
  to   space 21504K, 0% used [0x00000000feb00000,0x00000000feb00000,0x0000000100000000)
 ParOldGen       total 349696K, used 23861K [0x00000000e0000000, 0x00000000f5580000, 0x00000000f5580000)
  object space 349696K, 6% used [0x00000000e0000000,0x00000000e174d650,0x00000000f5580000)
 Metaspace       used 44914K, capacity 45328K, committed 45568K, reserved 1087488K
  class space    used 7025K, capacity 7131K, committed 7168K, reserved 1048576K

Card table byte_map: [0x00002adf673c0000,0x00002adf674c1000] byte_map_base: 0x00002adf66cc0000

Marking Bits: (ParMarkBitMap*) 0x00002adf5071e2c0
 Begin Bits: [0x00002adf80000000, 0x00002adf80800000)
 End Bits:   [0x00002adf80800000, 0x00002adf81000000)

Polling page: 0x00002adf50c85000

CodeCache: size=245760Kb used=13703Kb max_used=13724Kb free=232056Kb
 bounds [0x00002adf58000000, 0x00002adf58d80000, 0x00002adf67000000]
 total_blobs=5081 nmethods=4549 adapters=442
 compilation: enabled

Compilation events (10 events):
Event: 1247.671 Thread 0x00002adf540db800 5135       3       scala.collection.mutable.IndexedSeq$::newBuilder (8 bytes)
Event: 1247.671 Thread 0x00002adf540d9800 nmethod 5133 0x00002adf5846ca50 code [0x00002adf5846cbc0, 0x00002adf5846cd70]
Event: 1247.671 Thread 0x00002adf540dd800 nmethod 5134 0x00002adf58559850 code [0x00002adf585599a0, 0x00002adf58559ad0]
Event: 1247.671 Thread 0x00002adf540db800 nmethod 5135 0x00002adf583657d0 code [0x00002adf58365940, 0x00002adf58365b88]
Event: 1247.673 Thread 0x00002adf540d9800 5137       3       scala.collection.mutable.FlatHashTable$class::removeEntry (287 bytes)
Event: 1247.673 Thread 0x00002adf540dd800 5136       3       scala.collection.mutable.HashSet::removeEntry (6 bytes)
Event: 1247.673 Thread 0x00002adf540dd800 nmethod 5136 0x00002adf58559410 code [0x00002adf58559580, 0x00002adf58559708]
Event: 1247.676 Thread 0x00002adf540d9800 nmethod 5137 0x00002adf58d78f10 code [0x00002adf58d792c0, 0x00002adf58d7afc8]
Event: 1247.708 Thread 0x00002adf540bd800 5138       4       scala.collection.mutable.ArrayBuffer::copyToArray (8 bytes)
Event: 1247.718 Thread 0x00002adf540bd800 nmethod 5138 0x00002adf58470dd0 code [0x00002adf58470f80, 0x00002adf584712f8]

GC Heap History (10 events):
Event: 2.509 GC heap before
{Heap before GC invocations=1 (full 0):
 PSYoungGen      total 153088K, used 102715K [0x00000000f5580000, 0x0000000100000000, 0x0000000100000000)
  eden space 131584K, 78% used [0x00000000f5580000,0x00000000fb9ceeb8,0x00000000fd600000)
  from space 21504K, 0% used [0x00000000feb00000,0x00000000feb00000,0x0000000100000000)
  to   space 21504K, 0% used [0x00000000fd600000,0x00000000fd600000,0x00000000feb00000)
 ParOldGen       total 349696K, used 0K [0x00000000e0000000, 0x00000000f5580000, 0x00000000f5580000)
  object space 349696K, 0% used [0x00000000e0000000,0x00000000e0000000,0x00000000f5580000)
 Metaspace       used 20916K, capacity 21084K, committed 21296K, reserved 1067008K
  class space    used 3037K, capacity 3102K, committed 3200K, reserved 1048576K
Event: 2.525 GC heap after
Heap after GC invocations=1 (full 0):
 PSYoungGen      total 153088K, used 16151K [0x00000000f5580000, 0x0000000100000000, 0x0000000100000000)
  eden space 131584K, 0% used [0x00000000f5580000,0x00000000f5580000,0x00000000fd600000)
  from space 21504K, 75% used [0x00000000fd600000,0x00000000fe5c5d30,0x00000000feb00000)
  to   space 21504K, 0% used [0x00000000feb00000,0x00000000feb00000,0x0000000100000000)
 ParOldGen       total 349696K, used 88K [0x00000000e0000000, 0x00000000f5580000, 0x00000000f5580000)
  object space 349696K, 0% used [0x00000000e0000000,0x00000000e0016010,0x00000000f5580000)
 Metaspace       used 20916K, capacity 21084K, committed 21296K, reserved 1067008K
  class space    used 3037K, capacity 3102K, committed 3200K, reserved 1048576K
}
Event: 2.525 GC heap before
{Heap before GC invocations=2 (full 1):
 PSYoungGen      total 153088K, used 16151K [0x00000000f5580000, 0x0000000100000000, 0x0000000100000000)
  eden space 131584K, 0% used [0x00000000f5580000,0x00000000f5580000,0x00000000fd600000)
  from space 21504K, 75% used [0x00000000fd600000,0x00000000fe5c5d30,0x00000000feb00000)
  to   space 21504K, 0% used [0x00000000feb00000,0x00000000feb00000,0x0000000100000000)
 ParOldGen       total 349696K, used 88K [0x00000000e0000000, 0x00000000f5580000, 0x00000000f5580000)
  object space 349696K, 0% used [0x00000000e0000000,0x00000000e0016010,0x00000000f5580000)
 Metaspace       used 20916K, capacity 21084K, committed 21296K, reserved 1067008K
  class space    used 3037K, capacity 3102K, committed 3200K, reserved 1048576K
Event: 2.551 GC heap after
Heap after GC invocations=2 (full 1):
 PSYoungGen      total 153088K, used 0K [0x00000000f5580000, 0x0000000100000000, 0x0000000100000000)
  eden space 131584K, 0% used [0x00000000f5580000,0x00000000f5580000,0x00000000fd600000)
  from space 21504K, 0% used [0x00000000fd600000,0x00000000fd600000,0x00000000feb00000)
  to   space 21504K, 0% used [0x00000000feb00000,0x00000000feb00000,0x0000000100000000)
 ParOldGen       total 349696K, used 15209K [0x00000000e0000000, 0x00000000f5580000, 0x00000000f5580000)
  object space 349696K, 4% used [0x00000000e0000000,0x00000000e0eda460,0x00000000f5580000)
 Metaspace       used 20916K, capacity 21084K, committed 21296K, reserved 1067008K
  class space    used 3037K, capacity 3102K, committed 3200K, reserved 1048576K
}
Event: 4.677 GC heap before
{Heap before GC invocations=3 (full 1):
 PSYoungGen      total 153088K, used 95383K [0x00000000f5580000, 0x0000000100000000, 0x0000000100000000)
  eden space 131584K, 72% used [0x00000000f5580000,0x00000000fb2a5c20,0x00000000fd600000)
  from space 21504K, 0% used [0x00000000fd600000,0x00000000fd600000,0x00000000feb00000)
  to   space 21504K, 0% used [0x00000000feb00000,0x00000000feb00000,0x0000000100000000)
 ParOldGen       total 349696K, used 15209K [0x00000000e0000000, 0x00000000f5580000, 0x00000000f5580000)
  object space 349696K, 4% used [0x00000000e0000000,0x00000000e0eda460,0x00000000f5580000)
 Metaspace       used 35164K, capacity 35364K, committed 35496K, reserved 1079296K
  class space    used 5319K, capacity 5374K, committed 5376K, reserved 1048576K
Event: 4.700 GC heap after
Heap after GC invocations=3 (full 1):
 PSYoungGen      total 153088K, used 15328K [0x00000000f5580000, 0x0000000100000000, 0x0000000100000000)
  eden space 131584K, 0% used [0x00000000f5580000,0x00000000f5580000,0x00000000fd600000)
  from space 21504K, 71% used [0x00000000feb00000,0x00000000ff9f8280,0x0000000100000000)
  to   space 21504K, 0% used [0x00000000fd600000,0x00000000fd600000,0x00000000feb00000)
 ParOldGen       total 349696K, used 15217K [0x00000000e0000000, 0x00000000f5580000, 0x00000000f5580000)
  object space 349696K, 4% used [0x00000000e0000000,0x00000000e0edc460,0x00000000f5580000)
 Metaspace       used 35164K, capacity 35364K, committed 35496K, reserved 1079296K
  class space    used 5319K, capacity 5374K, committed 5376K, reserved 1048576K
}
Event: 4.700 GC heap before
{Heap before GC invocations=4 (full 2):
 PSYoungGen      total 153088K, used 15328K [0x00000000f5580000, 0x0000000100000000, 0x0000000100000000)
  eden space 131584K, 0% used [0x00000000f5580000,0x00000000f5580000,0x00000000fd600000)
  from space 21504K, 71% used [0x00000000feb00000,0x00000000ff9f8280,0x0000000100000000)
  to   space 21504K, 0% used [0x00000000fd600000,0x00000000fd600000,0x00000000feb00000)
 ParOldGen       total 349696K, used 15217K [0x00000000e0000000, 0x00000000f5580000, 0x00000000f5580000)
  object space 349696K, 4% used [0x00000000e0000000,0x00000000e0edc460,0x00000000f5580000)
 Metaspace       used 35164K, capacity 35364K, committed 35496K, reserved 1079296K
  class space    used 5319K, capacity 5374K, committed 5376K, reserved 1048576K
Event: 4.757 GC heap after
Heap after GC invocations=4 (full 2):
 PSYoungGen      total 153088K, used 0K [0x00000000f5580000, 0x0000000100000000, 0x0000000100000000)
  eden space 131584K, 0% used [0x00000000f5580000,0x00000000f5580000,0x00000000fd600000)
  from space 21504K, 0% used [0x00000000feb00000,0x00000000feb00000,0x0000000100000000)
  to   space 21504K, 0% used [0x00000000fd600000,0x00000000fd600000,0x00000000feb00000)
 ParOldGen       total 349696K, used 18868K [0x00000000e0000000, 0x00000000f5580000, 0x00000000f5580000)
  object space 349696K, 5% used [0x00000000e0000000,0x00000000e126d128,0x00000000f5580000)
 Metaspace       used 35163K, capacity 35362K, committed 35496K, reserved 1079296K
  class space    used 5318K, capacity 5373K, committed 5376K, reserved 1048576K
}
Event: 1247.203 GC heap before
{Heap before GC invocations=5 (full 2):
 PSYoungGen      total 153088K, used 128370K [0x00000000f5580000, 0x0000000100000000, 0x0000000100000000)
  eden space 131584K, 97% used [0x00000000f5580000,0x00000000fd2dc818,0x00000000fd600000)
  from space 21504K, 0% used [0x00000000feb00000,0x00000000feb00000,0x0000000100000000)
  to   space 21504K, 0% used [0x00000000fd600000,0x00000000fd600000,0x00000000feb00000)
 ParOldGen       total 349696K, used 18868K [0x00000000e0000000, 0x00000000f5580000, 0x00000000f5580000)
  object space 349696K, 5% used [0x00000000e0000000,0x00000000e126d128,0x00000000f5580000)
 Metaspace       used 44705K, capacity 45162K, committed 45312K, reserved 1087488K
  class space    used 6995K, capacity 7098K, committed 7168K, reserved 1048576K
Event: 1247.445 GC heap after
Heap after GC invocations=5 (full 2):
 PSYoungGen      total 153088K, used 21489K [0x00000000f5580000, 0x0000000100000000, 0x0000000100000000)
  eden space 131584K, 0% used [0x00000000f5580000,0x00000000f5580000,0x00000000fd600000)
  from space 21504K, 99% used [0x00000000fd600000,0x00000000feafc7e8,0x00000000feb00000)
  to   space 21504K, 0% used [0x00000000feb00000,0x00000000feb00000,0x0000000100000000)
 ParOldGen       total 349696K, used 23861K [0x00000000e0000000, 0x00000000f5580000, 0x00000000f5580000)
  object space 349696K, 6% used [0x00000000e0000000,0x00000000e174d650,0x00000000f5580000)
 Metaspace       used 44705K, capacity 45162K, committed 45312K, reserved 1087488K
  class space    used 6995K, capacity 7098K, committed 7168K, reserved 1048576K
}

Deoptimization events (10 events):
Event: 58.133 Thread 0x00002ae0e4018000 Uncommon trap: reason=class_check action=maybe_recompile pc=0x00002adf58a56730 method=java.io.ObjectInputStream$PeekInputStream.read([BII)I @ 50
Event: 58.133 Thread 0x00002ae0e4022000 Uncommon trap: reason=class_check action=maybe_recompile pc=0x00002adf58a56730 method=java.io.ObjectInputStream$PeekInputStream.read([BII)I @ 50
Event: 177.861 Thread 0x00002ae03c380800 Uncommon trap: reason=unreached action=reinterpret pc=0x00002adf58ac67f0 method=scala.concurrent.forkjoin.ForkJoinPool.signalWork(Lscala/concurrent/forkjoin/ForkJoinPool$WorkQueue;)V @ 141
Event: 292.912 Thread 0x00002ae04800c800 Uncommon trap: reason=unreached action=reinterpret pc=0x00002adf58ae2984 method=scala.concurrent.forkjoin.ForkJoinPool.signalWork(Lscala/concurrent/forkjoin/ForkJoinPool$WorkQueue;)V @ 141
Event: 1247.471 Thread 0x00002adf5408d800 Uncommon trap: reason=unreached action=reinterpret pc=0x00002adf588f2718 method=java.lang.ref.Finalizer.remove()V @ 10
Event: 1247.640 Thread 0x00002ae03c380800 Uncommon trap: reason=predicate action=maybe_recompile pc=0x00002adf58d64620 method=java.util.Arrays.fill([Ljava/lang/Object;IILjava/lang/Object;)V @ 16
Event: 1247.642 Thread 0x00002ae048018000 Uncommon trap: reason=unreached action=reinterpret pc=0x00002adf58bf0cf0 method=java.util.concurrent.ConcurrentHashMap$Traverser.advance()Ljava/util/concurrent/ConcurrentHashMap$Node; @ 15
Event: 1247.660 Thread 0x00002ae03c8e7800 Uncommon trap: reason=speculate_class_check action=maybe_recompile pc=0x00002adf58bc6518 method=scala.collection.SeqLike$class.size(Lscala/collection/SeqLike;)I @ 1
Event: 1247.669 Thread 0x00002ae03c8e7800 Uncommon trap: reason=speculate_class_check action=maybe_recompile pc=0x00002adf58bc6518 method=scala.collection.SeqLike$class.size(Lscala/collection/SeqLike;)I @ 1
Event: 1247.674 Thread 0x00002ae03c8e7800 Uncommon trap: reason=speculate_class_check action=maybe_recompile pc=0x00002adf58bc6518 method=scala.collection.SeqLike$class.size(Lscala/collection/SeqLike;)I @ 1

Internal exceptions (10 events):
Event: 1247.641 Thread 0x00002ae048018000 Exception <a 'java/security/PrivilegedActionException'> (0x00000000f6244b00) thrown at [/HUDSON/workspace/8-2-build-linux-amd64/jdk8u25/1514/hotspot/src/share/vm/prims/jvm.cpp, line 1312]
Event: 1247.642 Thread 0x00002ae048018000 Exception <a 'java/security/PrivilegedActionException'> (0x00000000f6249578) thrown at [/HUDSON/workspace/8-2-build-linux-amd64/jdk8u25/1514/hotspot/src/share/vm/prims/jvm.cpp, line 1312]
Event: 1247.645 Thread 0x00002ae048018000 Exception <a 'java/security/PrivilegedActionException'> (0x00000000f624e2b0) thrown at [/HUDSON/workspace/8-2-build-linux-amd64/jdk8u25/1514/hotspot/src/share/vm/prims/jvm.cpp, line 1312]
Event: 1247.646 Thread 0x00002ae048018000 Exception <a 'java/security/PrivilegedActionException'> (0x00000000f64d2a98) thrown at [/HUDSON/workspace/8-2-build-linux-amd64/jdk8u25/1514/hotspot/src/share/vm/prims/jvm.cpp, line 1312]
Event: 1247.647 Thread 0x00002ae048018000 Exception <a 'java/security/PrivilegedActionException'> (0x00000000f64d74e0) thrown at [/HUDSON/workspace/8-2-build-linux-amd64/jdk8u25/1514/hotspot/src/share/vm/prims/jvm.cpp, line 1312]
Event: 1247.650 Thread 0x00002ae05812a800 Exception <a 'java/security/PrivilegedActionException'> (0x00000000f61276d0) thrown at [/HUDSON/workspace/8-2-build-linux-amd64/jdk8u25/1514/hotspot/src/share/vm/prims/jvm.cpp, line 1312]
Event: 1247.654 Thread 0x00002ae108004800 Exception <a 'java/security/PrivilegedActionException'> (0x00000000f64ffb90) thrown at [/HUDSON/workspace/8-2-build-linux-amd64/jdk8u25/1514/hotspot/src/share/vm/prims/jvm.cpp, line 1312]
Event: 1247.655 Thread 0x00002ae108004800 Exception <a 'java/security/PrivilegedActionException'> (0x00000000f6505ea8) thrown at [/HUDSON/workspace/8-2-build-linux-amd64/jdk8u25/1514/hotspot/src/share/vm/prims/jvm.cpp, line 1312]
Event: 1247.659 Thread 0x00002ae03c8e7800 Exception <a 'java/security/PrivilegedActionException'> (0x00000000f6072c10) thrown at [/HUDSON/workspace/8-2-build-linux-amd64/jdk8u25/1514/hotspot/src/share/vm/prims/jvm.cpp, line 1312]
Event: 1247.661 Thread 0x00002ae03c8e7800 Exception <a 'java/security/PrivilegedActionException'> (0x00000000f60772a8) thrown at [/HUDSON/workspace/8-2-build-linux-amd64/jdk8u25/1514/hotspot/src/share/vm/prims/jvm.cpp, line 1312]

Events (10 events):
Event: 1247.663 Executing VM operation: RevokeBias
Event: 1247.664 Executing VM operation: RevokeBias done
Event: 1247.668 Thread 0x00002ae03c8e7800 Uncommon trap: trap_request=0xffffff76 fr.pc=0x00002adf58bc6518
Event: 1247.669 Thread 0x00002ae03c8e7800 DEOPT PACKING pc=0x00002adf58bc6518 sp=0x00002adf71610400
Event: 1247.669 Thread 0x00002ae03c8e7800 DEOPT UNPACKING pc=0x00002adf58004f69 sp=0x00002adf716102c8 mode 2
Event: 1247.674 Thread 0x00002ae03c8e7800 Uncommon trap: trap_request=0xffffff76 fr.pc=0x00002adf58bc6518
Event: 1247.674 Thread 0x00002ae03c8e7800 DEOPT PACKING pc=0x00002adf58bc6518 sp=0x00002adf71610400
Event: 1247.674 Thread 0x00002ae03c8e7800 DEOPT UNPACKING pc=0x00002adf58004f69 sp=0x00002adf716102c8 mode 2
Event: 1247.719 Thread 0x00002adf540bd800 flushing nmethod 0x00002adf58947110
Event: 1247.847 Thread 0x00002ae0a4003000 Thread added: 0x00002ae0a4003000


Dynamic libraries:
00400000-00401000 r-xp 00000000 f71:d615a 231243194820462220             /scratch/projects/xsede/jdk64/jdk1.8.0_25/bin/java
00600000-00601000 rw-p 00000000 f71:d615a 231243194820462220             /scratch/projects/xsede/jdk64/jdk1.8.0_25/bin/java
01429000-0144a000 rw-p 00000000 00:00 0                                  [heap]
e0000000-100700000 rw-p 00000000 00:00 0 
100700000-140000000 ---p 00000000 00:00 0 
3000000000-3000020000 r-xp 00000000 09:00 5439532                        /lib64/ld-2.12.so
300021f000-3000220000 r--p 0001f000 09:00 5439532                        /lib64/ld-2.12.so
3000220000-3000221000 rw-p 00020000 09:00 5439532                        /lib64/ld-2.12.so
3000221000-3000222000 rw-p 00000000 00:00 0 
3000400000-300058a000 r-xp 00000000 09:00 5439599                        /lib64/libc-2.12.so
300058a000-300078a000 ---p 0018a000 09:00 5439599                        /lib64/libc-2.12.so
300078a000-300078e000 r--p 0018a000 09:00 5439599                        /lib64/libc-2.12.so
300078e000-300078f000 rw-p 0018e000 09:00 5439599                        /lib64/libc-2.12.so
300078f000-3000794000 rw-p 00000000 00:00 0 
3000800000-3000883000 r-xp 00000000 09:00 5440032                        /lib64/libm-2.12.so
3000883000-3000a82000 ---p 00083000 09:00 5440032                        /lib64/libm-2.12.so
3000a82000-3000a83000 r--p 00082000 09:00 5440032                        /lib64/libm-2.12.so
3000a83000-3000a84000 rw-p 00083000 09:00 5440032                        /lib64/libm-2.12.so
3000c00000-3000c17000 r-xp 00000000 09:00 5439681                        /lib64/libpthread-2.12.so
3000c17000-3000e17000 ---p 00017000 09:00 5439681                        /lib64/libpthread-2.12.so
3000e17000-3000e18000 r--p 00017000 09:00 5439681                        /lib64/libpthread-2.12.so
3000e18000-3000e19000 rw-p 00018000 09:00 5439681                        /lib64/libpthread-2.12.so
3000e19000-3000e1d000 rw-p 00000000 00:00 0 
3001000000-3001002000 r-xp 00000000 09:00 5439680                        /lib64/libdl-2.12.so
3001002000-3001202000 ---p 00002000 09:00 5439680                        /lib64/libdl-2.12.so
3001202000-3001203000 r--p 00002000 09:00 5439680                        /lib64/libdl-2.12.so
3001203000-3001204000 rw-p 00003000 09:00 5439680                        /lib64/libdl-2.12.so
3001800000-3001807000 r-xp 00000000 09:00 5439708                        /lib64/librt-2.12.so
3001807000-3001a06000 ---p 00007000 09:00 5439708                        /lib64/librt-2.12.so
3001a06000-3001a07000 r--p 00006000 09:00 5439708                        /lib64/librt-2.12.so
3001a07000-3001a08000 rw-p 00007000 09:00 5439708                        /lib64/librt-2.12.so
3001c00000-3001c16000 r-xp 00000000 09:00 5439765                        /lib64/libresolv-2.12.so
3001c16000-3001e16000 ---p 00016000 09:00 5439765                        /lib64/libresolv-2.12.so
3001e16000-3001e17000 r--p 00016000 09:00 5439765                        /lib64/libresolv-2.12.so
3001e17000-3001e18000 rw-p 00017000 09:00 5439765                        /lib64/libresolv-2.12.so
3001e18000-3001e1a000 rw-p 00000000 00:00 0 
3004800000-3004816000 r-xp 00000000 09:00 5440488                        /lib64/libgcc_s-4.4.7-20120601.so.1
3004816000-3004a15000 ---p 00016000 09:00 5440488                        /lib64/libgcc_s-4.4.7-20120601.so.1
3004a15000-3004a16000 rw-p 00015000 09:00 5440488                        /lib64/libgcc_s-4.4.7-20120601.so.1
2adf4f593000-2adf4f594000 rw-p 00000000 00:00 0 
2adf4f5ab000-2adf4f5ac000 rw-p 00000000 00:00 0 
2adf4f5ac000-2adf4f5c1000 r-xp 00000000 f71:d615a 231243194820461154     /scratch/projects/xsede/jdk64/jdk1.8.0_25/lib/amd64/jli/libjli.so
2adf4f5c1000-2adf4f7c0000 ---p 00015000 f71:d615a 231243194820461154     /scratch/projects/xsede/jdk64/jdk1.8.0_25/lib/amd64/jli/libjli.so
2adf4f7c0000-2adf4f7c1000 rw-p 00014000 f71:d615a 231243194820461154     /scratch/projects/xsede/jdk64/jdk1.8.0_25/lib/amd64/jli/libjli.so
2adf4f7c1000-2adf4f7c4000 rw-p 00000000 00:00 0 
2adf4f7c4000-2adf50431000 r-xp 00000000 f71:d615a 231243194820462096     /scratch/projects/xsede/jdk64/jdk1.8.0_25/jre/lib/amd64/server/libjvm.so
2adf50431000-2adf50630000 ---p 00c6d000 f71:d615a 231243194820462096     /scratch/projects/xsede/jdk64/jdk1.8.0_25/jre/lib/amd64/server/libjvm.so
2adf50630000-2adf50706000 rw-p 00c6c000 f71:d615a 231243194820462096     /scratch/projects/xsede/jdk64/jdk1.8.0_25/jre/lib/amd64/server/libjvm.so
2adf50706000-2adf50749000 rw-p 00000000 00:00 0 
2adf50749000-2adf5074c000 ---p 00000000 00:00 0 
2adf5074c000-2adf5084a000 rw-p 00000000 00:00 0 
2adf5084a000-2adf50857000 r-xp 00000000 f71:d615a 231243194820462074     /scratch/projects/xsede/jdk64/jdk1.8.0_25/jre/lib/amd64/libverify.so
2adf50857000-2adf50a57000 ---p 0000d000 f71:d615a 231243194820462074     /scratch/projects/xsede/jdk64/jdk1.8.0_25/jre/lib/amd64/libverify.so
2adf50a57000-2adf50a59000 rw-p 0000d000 f71:d615a 231243194820462074     /scratch/projects/xsede/jdk64/jdk1.8.0_25/jre/lib/amd64/libverify.so
2adf50a59000-2adf50a83000 r-xp 00000000 f71:d615a 231243194820462059     /scratch/projects/xsede/jdk64/jdk1.8.0_25/jre/lib/amd64/libjava.so
2adf50a83000-2adf50c83000 ---p 0002a000 f71:d615a 231243194820462059     /scratch/projects/xsede/jdk64/jdk1.8.0_25/jre/lib/amd64/libjava.so
2adf50c83000-2adf50c85000 rw-p 0002a000 f71:d615a 231243194820462059     /scratch/projects/xsede/jdk64/jdk1.8.0_25/jre/lib/amd64/libjava.so
2adf50c85000-2adf50c86000 r--p 00000000 00:00 0 
2adf50c86000-2adf50c87000 rw-p 00000000 00:00 0 
2adf50c87000-2adf50c8f000 rw-s 00000000 09:02 27009026                   /tmp/hsperfdata_tg804093/43389
2adf50c9e000-2adf50caa000 r-xp 00000000 09:00 5447705                    /lib64/libnss_files-2.12.so
2adf50caa000-2adf50eaa000 ---p 0000c000 09:00 5447705                    /lib64/libnss_files-2.12.so
2adf50eaa000-2adf50eab000 r--p 0000c000 09:00 5447705                    /lib64/libnss_files-2.12.so
2adf50eab000-2adf50eac000 rw-p 0000d000 09:00 5447705                    /lib64/libnss_files-2.12.so
2adf50eac000-2adf50ec6000 r-xp 00000000 f71:d615a 231243194820462080     /scratch/projects/xsede/jdk64/jdk1.8.0_25/jre/lib/amd64/libzip.so
2adf50ec6000-2adf510c6000 ---p 0001a000 f71:d615a 231243194820462080     /scratch/projects/xsede/jdk64/jdk1.8.0_25/jre/lib/amd64/libzip.so
2adf510c6000-2adf510c7000 rw-p 0001a000 f71:d615a 231243194820462080     /scratch/projects/xsede/jdk64/jdk1.8.0_25/jre/lib/amd64/libzip.so
2adf54000000-2adf54450000 rw-p 00000000 00:00 0 
2adf54450000-2adf58000000 ---p 00000000 00:00 0 
2adf58000000-2adf58d80000 rwxp 00000000 00:00 0 
2adf58d80000-2adf67000000 ---p 00000000 00:00 0 
2adf67000000-2adf67036000 rw-p 00000000 00:00 0 
2adf67036000-2adf673c0000 ---p 00000000 00:00 0 
2adf673c0000-2adf6756c000 rw-p 00000000 00:00 0 
2adf6756c000-2adf6756d000 ---p 00000000 00:00 0 
2adf6756d000-2adf6766d000 rw-p 00000000 00:00 0 
2adf6766d000-2adf6766e000 ---p 00000000 00:00 0 
2adf6766e000-2adf6776e000 rw-p 00000000 00:00 0 
2adf6776e000-2adf6776f000 ---p 00000000 00:00 0 
2adf6776f000-2adf6786f000 rw-p 00000000 00:00 0 
2adf6786f000-2adf67870000 ---p 00000000 00:00 0 
2adf67870000-2adf67970000 rw-p 00000000 00:00 0 
2adf67970000-2adf67971000 ---p 00000000 00:00 0 
2adf67971000-2adf67a71000 rw-p 00000000 00:00 0 
2adf67a71000-2adf67a72000 ---p 00000000 00:00 0 
2adf67a72000-2adf67b72000 rw-p 00000000 00:00 0 
2adf67b72000-2adf67b73000 ---p 00000000 00:00 0 
2adf67b73000-2adf67c73000 rw-p 00000000 00:00 0 
2adf67c73000-2adf67c74000 ---p 00000000 00:00 0 
2adf67c74000-2adf67d74000 rw-p 00000000 00:00 0 
2adf67d74000-2adf67d75000 ---p 00000000 00:00 0 
2adf67d75000-2adf67e75000 rw-p 00000000 00:00 0 
2adf67e75000-2adf67e76000 ---p 00000000 00:00 0 
2adf67e76000-2adf67f76000 rw-p 00000000 00:00 0 
2adf67f76000-2adf67f77000 ---p 00000000 00:00 0 
2adf67f77000-2adf68077000 rw-p 00000000 00:00 0 
2adf68077000-2adf68078000 ---p 00000000 00:00 0 
2adf68078000-2adf68178000 rw-p 00000000 00:00 0 
2adf68178000-2adf68179000 ---p 00000000 00:00 0 
2adf68179000-2adf68279000 rw-p 00000000 00:00 0 
2adf68279000-2adf6827c000 ---p 00000000 00:00 0 
2adf6827c000-2adf6837a000 rw-p 00000000 00:00 0 
2adf6837a000-2adf6837b000 ---p 00000000 00:00 0 
2adf6837b000-2adf6847b000 rw-p 00000000 00:00 0 
2adf6847b000-2adf68ecc000 r--s 0911d000 fcf:11200 184171712865119427     /home1/01131/tg804093/src/supercomputing2015-tutorial/01_hadoop_on_hpc/work/spark-1.4.1-bin-hadoop2.6/lib/spark-assembly-1.4.1-hadoop2.6.0.jar
2adf68ecc000-2adf69057000 rw-p 00000000 00:00 0 
2adf69057000-2adf6906f000 r--s 001b6000 fcf:11200 184171712865119425     /home1/01131/tg804093/src/supercomputing2015-tutorial/01_hadoop_on_hpc/work/spark-1.4.1-bin-hadoop2.6/lib/datanucleus-core-3.2.10.jar
2adf6906f000-2adf69085000 r--s 001a4000 fcf:11200 184171712865119428     /home1/01131/tg804093/src/supercomputing2015-tutorial/01_hadoop_on_hpc/work/spark-1.4.1-bin-hadoop2.6/lib/datanucleus-rdbms-3.2.9.jar
2adf69085000-2adf6908a000 r--s 0004e000 fcf:11200 184171712865119426     /home1/01131/tg804093/src/supercomputing2015-tutorial/01_hadoop_on_hpc/work/spark-1.4.1-bin-hadoop2.6/lib/datanucleus-api-jdo-3.2.6.jar
2adf6908a000-2adf690a0000 r-xp 00000000 f71:d615a 231243194820462086     /scratch/projects/xsede/jdk64/jdk1.8.0_25/jre/lib/amd64/libnet.so
2adf690a0000-2adf692a0000 ---p 00016000 f71:d615a 231243194820462086     /scratch/projects/xsede/jdk64/jdk1.8.0_25/jre/lib/amd64/libnet.so
2adf692a0000-2adf692a1000 rw-p 00016000 f71:d615a 231243194820462086     /scratch/projects/xsede/jdk64/jdk1.8.0_25/jre/lib/amd64/libnet.so
2adf692a1000-2adf692a4000 ---p 00000000 00:00 0 
2adf692a4000-2adf693a2000 rw-p 00000000 00:00 0 
2adf693a2000-2adf693a5000 ---p 00000000 00:00 0 
2adf693a5000-2adf696a3000 rw-p 00000000 00:00 0 
2adf696a3000-2adf696ad000 r--s 00116000 f71:d615a 231243194820462138     /scratch/projects/xsede/jdk64/jdk1.8.0_25/jre/lib/ext/localedata.jar
2adf696ad000-2adf696c9000 r--s 00393000 f71:d615a 231243194820462144     /scratch/projects/xsede/jdk64/jdk1.8.0_25/jre/lib/ext/cldrdata.jar
2adf696c9000-2adf696cc000 ---p 00000000 00:00 0 
2adf696cc000-2adf697ca000 rw-p 00000000 00:00 0 
2adf697ca000-2adf697ce000 r--s 00093000 f71:d615a 231243194820462132     /scratch/projects/xsede/jdk64/jdk1.8.0_25/jre/lib/jsse.jar
2adf697ce000-2adf699ce000 rw-p 00000000 00:00 0 
2adf699ce000-2adf699d6000 r-xp 00000000 f71:d615a 231243194820462071     /scratch/projects/xsede/jdk64/jdk1.8.0_25/jre/lib/amd64/libmanagement.so
2adf699d6000-2adf69bd6000 ---p 00008000 f71:d615a 231243194820462071     /scratch/projects/xsede/jdk64/jdk1.8.0_25/jre/lib/amd64/libmanagement.so
2adf69bd6000-2adf69bd7000 rw-p 00008000 f71:d615a 231243194820462071     /scratch/projects/xsede/jdk64/jdk1.8.0_25/jre/lib/amd64/libmanagement.so
2adf69bd7000-2adf69dd7000 rw-p 00000000 00:00 0 
2adf69dd7000-2adf69df6000 r-xp 00000000 fcf:11200 170741511678329706     /home1/01131/tg804093/work/hadoop-2.6.0/lib/native/libhadoop.so.1.0.0
2adf69df6000-2adf69ff6000 ---p 0001f000 fcf:11200 170741511678329706     /home1/01131/tg804093/work/hadoop-2.6.0/lib/native/libhadoop.so.1.0.0
2adf69ff6000-2adf69ff7000 rw-p 0001f000 fcf:11200 170741511678329706     /home1/01131/tg804093/work/hadoop-2.6.0/lib/native/libhadoop.so.1.0.0
2adf69ff7000-2adf69ffa000 ---p 00000000 00:00 0 
2adf69ffa000-2adf6a030000 rw-p 00000000 00:00 0 
2adf6a030000-2adf6a033000 ---p 00000000 00:00 0 
2adf6a033000-2adf6a131000 rw-p 00000000 00:00 0 
2adf6a131000-2adf6a132000 r-xp 00000000 f71:d615a 231243194820462076     /scratch/projects/xsede/jdk64/jdk1.8.0_25/jre/lib/amd64/libjaas_unix.so
2adf6a132000-2adf6a331000 ---p 00001000 f71:d615a 231243194820462076     /scratch/projects/xsede/jdk64/jdk1.8.0_25/jre/lib/amd64/libjaas_unix.so
2adf6a331000-2adf6a332000 rw-p 00000000 f71:d615a 231243194820462076     /scratch/projects/xsede/jdk64/jdk1.8.0_25/jre/lib/amd64/libjaas_unix.so
2adf6a332000-2adf6a334000 r--s 0001a000 f71:d615a 231243194820462049     /scratch/projects/xsede/jdk64/jdk1.8.0_25/jre/lib/jce.jar
2adf6a334000-2adf6a337000 r--s 0003a000 f71:d615a 231243194820462146     /scratch/projects/xsede/jdk64/jdk1.8.0_25/jre/lib/ext/sunpkcs11.jar
2adf6a337000-2adf6a338000 r--s 00009000 f71:d615a 231243194820462139     /scratch/projects/xsede/jdk64/jdk1.8.0_25/jre/lib/ext/sunec.jar
2adf6a338000-2adf6a36a000 r-xp 00000000 f71:d615a 231243194820462072     /scratch/projects/xsede/jdk64/jdk1.8.0_25/jre/lib/amd64/libsunec.so
2adf6a36a000-2adf6a569000 ---p 00032000 f71:d615a 231243194820462072     /scratch/projects/xsede/jdk64/jdk1.8.0_25/jre/lib/amd64/libsunec.so
2adf6a569000-2adf6a56f000 rw-p 00031000 f71:d615a 231243194820462072     /scratch/projects/xsede/jdk64/jdk1.8.0_25/jre/lib/amd64/libsunec.so
2adf6a56f000-2adf6a77f000 rw-p 00000000 00:00 0 
2adf6a77f000-2adf6a784000 r--s 0003f000 f71:d615a 231243194820462140     /scratch/projects/xsede/jdk64/jdk1.8.0_25/jre/lib/ext/sunjce_provider.jar
2adf6a784000-2adf6a984000 rw-p 00000000 00:00 0 
2adf6a984000-2adf6a987000 ---p 00000000 00:00 0 
2adf6a987000-2adf6aa85000 rw-p 00000000 00:00 0 
2adf6aa85000-2adf6aa88000 ---p 00000000 00:00 0 
2adf6aa88000-2adf6ab86000 rw-p 00000000 00:00 0 
2adf6ab86000-2adf6ab89000 ---p 00000000 00:00 0 
2adf6ab89000-2adf6ae87000 rw-p 00000000 00:00 0 
2adf6ae87000-2adf6ae8a000 ---p 00000000 00:00 0 
2adf6ae8a000-2adf6af88000 rw-p 00000000 00:00 0 
2adf6af88000-2adf6af8b000 ---p 00000000 00:00 0 
2adf6af8b000-2adf6b089000 rw-p 00000000 00:00 0 
2adf6b089000-2adf6b09a000 r-xp 00000000 f71:d615a 231243194820462111     /scratch/projects/xsede/jdk64/jdk1.8.0_25/jre/lib/amd64/libnio.so
2adf6b09a000-2adf6b299000 ---p 00011000 f71:d615a 231243194820462111     /scratch/projects/xsede/jdk64/jdk1.8.0_25/jre/lib/amd64/libnio.so
2adf6b299000-2adf6b29a000 rw-p 00010000 f71:d615a 231243194820462111     /scratch/projects/xsede/jdk64/jdk1.8.0_25/jre/lib/amd64/libnio.so
2adf6b29a000-2adf6b29d000 ---p 00000000 00:00 0 
2adf6b29d000-2adf6b39b000 rw-p 00000000 00:00 0 
2adf6b39b000-2adf6b39e000 ---p 00000000 00:00 0 
2adf6b39e000-2adf6b49c000 rw-p 00000000 00:00 0 
2adf6b49c000-2adf6b49f000 ---p 00000000 00:00 0 
2adf6b49f000-2adf6b59d000 rw-p 00000000 00:00 0 
2adf6b59d000-2adf6b5a0000 ---p 00000000 00:00 0 
2adf6b5a0000-2adf6b69e000 rw-p 00000000 00:00 0 
2adf6b69e000-2adf6b6a1000 ---p 00000000 00:00 0 
2adf6b6a1000-2adf6b79f000 rw-p 00000000 00:00 0 
2adf6b79f000-2adf6b7a2000 ---p 00000000 00:00 0 
2adf6b7a2000-2adf6baa0000 rw-p 00000000 00:00 0 
2adf6baa0000-2adf6baa3000 ---p 00000000 00:00 0 
2adf6baa3000-2adf6bba1000 rw-p 00000000 00:00 0 
2adf6bba1000-2adf6bba4000 ---p 00000000 00:00 0 
2adf6bba4000-2adf6bca2000 rw-p 00000000 00:00 0 
2adf6bca2000-2adf6bca5000 ---p 00000000 00:00 0 
2adf6bca5000-2adf6bda3000 rw-p 00000000 00:00 0 
2adf6bda3000-2adf6bda6000 ---p 00000000 00:00 0 
2adf6bda6000-2adf6bea4000 rw-p 00000000 00:00 0 
2adf6bea4000-2adf6bea7000 ---p 00000000 00:00 0 
2adf6bea7000-2adf6bfa5000 rw-p 00000000 00:00 0 
2adf6c000000-2adf6c021000 rw-p 00000000 00:00 0 
2adf6c021000-2adf70000000 ---p 00000000 00:00 0 
2adf70000000-2adf70003000 ---p 00000000 00:00 0 
2adf70003000-2adf70101000 rw-p 00000000 00:00 0 
2adf70101000-2adf70104000 ---p 00000000 00:00 0 
2adf70104000-2adf70402000 rw-p 00000000 00:00 0 
2adf70402000-2adf70407000 r-xp 00000000 09:00 5447703                    /lib64/libnss_dns-2.12.so
2adf70407000-2adf70606000 ---p 00005000 09:00 5447703                    /lib64/libnss_dns-2.12.so
2adf70606000-2adf70607000 r--p 00004000 09:00 5447703                    /lib64/libnss_dns-2.12.so
2adf70607000-2adf70608000 rw-p 00005000 09:00 5447703                    /lib64/libnss_dns-2.12.so
2adf70608000-2adf7060b000 ---p 00000000 00:00 0 
2adf7060b000-2adf70709000 rw-p 00000000 00:00 0 
2adf70709000-2adf7070c000 ---p 00000000 00:00 0 
2adf7070c000-2adf7080a000 rw-p 00000000 00:00 0 
2adf7080a000-2adf7080d000 ---p 00000000 00:00 0 
2adf7080d000-2adf70b0b000 rw-p 00000000 00:00 0 
2adf70b0b000-2adf70b0e000 ---p 00000000 00:00 0 
2adf70b0e000-2adf70c0c000 rw-p 00000000 00:00 0 
2adf70c0c000-2adf70c0f000 ---p 00000000 00:00 0 
2adf70c0f000-2adf70d0d000 rw-p 00000000 00:00 0 
2adf70d0d000-2adf70d10000 ---p 00000000 00:00 0 
2adf70d10000-2adf70e0e000 rw-p 00000000 00:00 0 
2adf70e0e000-2adf70e11000 ---p 00000000 00:00 0 
2adf70e11000-2adf70f0f000 rw-p 00000000 00:00 0 
2adf70f0f000-2adf70f12000 ---p 00000000 00:00 0 
2adf70f12000-2adf71010000 rw-p 00000000 00:00 0 
2adf71010000-2adf71013000 ---p 00000000 00:00 0 
2adf71013000-2adf71511000 rw-p 00000000 00:00 0 
2adf71511000-2adf71514000 ---p 00000000 00:00 0 
2adf71514000-2adf71612000 rw-p 00000000 00:00 0 
2adf71612000-2adf71615000 ---p 00000000 00:00 0 
2adf71615000-2adf71b13000 rw-p 00000000 00:00 0 
2adf71b13000-2adf71b50000 r-xp 00000000 09:02 456                        /tmp/snappy-unknown-c5a65317-b77f-461f-81a4-9baaed9e9998-libsnappyjava.so
2adf71b50000-2adf71d50000 ---p 0003d000 09:02 456                        /tmp/snappy-unknown-c5a65317-b77f-461f-81a4-9baaed9e9998-libsnappyjava.so
2adf71d50000-2adf71d53000 rw-p 0003d000 09:02 456                        /tmp/snappy-unknown-c5a65317-b77f-461f-81a4-9baaed9e9998-libsnappyjava.so
2adf71d53000-2adf71f65000 rw-p 00000000 00:00 0 
2adf71f65000-2adf71f68000 ---p 00000000 00:00 0 
2adf71f68000-2adf72066000 rw-p 00000000 00:00 0 
2adf72066000-2adf72069000 ---p 00000000 00:00 0 
2adf72069000-2adf73168000 rw-p 00000000 00:00 0 
2adf73168000-2adf7316b000 ---p 00000000 00:00 0 
2adf7316b000-2adf73269000 rw-p 00000000 00:00 0 
2adf73269000-2adf7326c000 ---p 00000000 00:00 0 
2adf7326c000-2adf7336a000 rw-p 00000000 00:00 0 
2adf7336a000-2adf7336d000 ---p 00000000 00:00 0 
2adf7336d000-2adf7346b000 rw-p 00000000 00:00 0 
2adf7346b000-2adf7346e000 ---p 00000000 00:00 0 
2adf7346e000-2adf7356c000 rw-p 00000000 00:00 0 
2adf7356c000-2adf7356f000 ---p 00000000 00:00 0 
2adf7356f000-2adf737ed000 rw-p 00000000 00:00 0 
2adf737ed000-2adf7386d000 ---p 00000000 00:00 0 
2adf7386d000-2adf73870000 ---p 00000000 00:00 0 
2adf73870000-2adf7396e000 rw-p 00000000 00:00 0 
2adf7396e000-2adf73971000 ---p 00000000 00:00 0 
2adf73971000-2adf73b70000 rw-p 00000000 00:00 0 
2adf74000000-2adf74021000 rw-p 00000000 00:00 0 
2adf74021000-2adf78000000 ---p 00000000 00:00 0 
2adf78000000-2adf78021000 rw-p 00000000 00:00 0 
2adf78021000-2adf7c000000 ---p 00000000 00:00 0 
2adf7c000000-2adf7c021000 rw-p 00000000 00:00 0 
2adf7c021000-2adf80000000 ---p 00000000 00:00 0 
2adf80000000-2adf8190a000 rw-p 00000000 00:00 0 
2adf8190a000-2adf81a03000 rw-p 00000000 00:00 0 
2adf81a03000-2adf81bd9000 r--s 03caa000 f71:d615a 231243194820462129     /scratch/projects/xsede/jdk64/jdk1.8.0_25/jre/lib/rt.jar
2adf81bd9000-2adf83f17000 rw-p 00000000 00:00 0 
2adf84000000-2adf84021000 rw-p 00000000 00:00 0 
2adf84021000-2adf88000000 ---p 00000000 00:00 0 
2adf88000000-2adf88909000 rw-p 00000000 00:00 0 
2adf88909000-2adf8890a000 ---p 00000000 00:00 0 
2adf8890a000-2adf88a0a000 rw-p 00000000 00:00 0 
2adf88a0a000-2adf88a0d000 ---p 00000000 00:00 0 
2adf88a0d000-2adf88b0b000 rw-p 00000000 00:00 0 
2adf88b0b000-2adf88b0e000 ---p 00000000 00:00 0 
2adf88b0e000-2adf88c0c000 rw-p 00000000 00:00 0 
2adf88c0c000-2adf88c0f000 ---p 00000000 00:00 0 
2adf88c0f000-2adf88d0d000 rw-p 00000000 00:00 0 
2adf88d0d000-2adf88d10000 ---p 00000000 00:00 0 
2adf88d10000-2adf88e0e000 rw-p 00000000 00:00 0 
2adf88e0e000-2adf88e11000 ---p 00000000 00:00 0 
2adf88e11000-2adf88f0f000 rw-p 00000000 00:00 0 
2adf88f0f000-2adf88f12000 ---p 00000000 00:00 0 
2adf88f12000-2adf89010000 rw-p 00000000 00:00 0 
2adf8c000000-2adf8c021000 rw-p 00000000 00:00 0 
2adf8c021000-2adf90000000 ---p 00000000 00:00 0 
2adf90000000-2adf90021000 rw-p 00000000 00:00 0 
2adf90021000-2adf94000000 ---p 00000000 00:00 0 
2adf94000000-2adf94021000 rw-p 00000000 00:00 0 
2adf94021000-2adf98000000 ---p 00000000 00:00 0 
2adf98000000-2adf98003000 ---p 00000000 00:00 0 
2adf98003000-2adf98101000 rw-p 00000000 00:00 0 
2adf98101000-2adf98104000 ---p 00000000 00:00 0 
2adf98104000-2adf98202000 rw-p 00000000 00:00 0 
2adf98202000-2adf98205000 ---p 00000000 00:00 0 
2adf98205000-2adf98303000 rw-p 00000000 00:00 0 
2adf98303000-2adf98306000 ---p 00000000 00:00 0 
2adf98306000-2adf98404000 rw-p 00000000 00:00 0 
2adf98404000-2adf98407000 ---p 00000000 00:00 0 
2adf98407000-2adf98505000 rw-p 00000000 00:00 0 
2adf98505000-2adf98508000 ---p 00000000 00:00 0 
2adf98508000-2adf98606000 rw-p 00000000 00:00 0 
2adf9c000000-2adf9c021000 rw-p 00000000 00:00 0 
2adf9c021000-2adfa0000000 ---p 00000000 00:00 0 
2adfa4000000-2adfa4021000 rw-p 00000000 00:00 0 
2adfa4021000-2adfa8000000 ---p 00000000 00:00 0 
2adfac000000-2adfac021000 rw-p 00000000 00:00 0 
2adfac021000-2adfb0000000 ---p 00000000 00:00 0 
2adfb4000000-2adfb4021000 rw-p 00000000 00:00 0 
2adfb4021000-2adfb8000000 ---p 00000000 00:00 0 
2adfbc000000-2adfbc021000 rw-p 00000000 00:00 0 
2adfbc021000-2adfc0000000 ---p 00000000 00:00 0 
2adfc4000000-2adfc4021000 rw-p 00000000 00:00 0 
2adfc4021000-2adfc8000000 ---p 00000000 00:00 0 
2adfcc000000-2adfcc021000 rw-p 00000000 00:00 0 
2adfcc021000-2adfd0000000 ---p 00000000 00:00 0 
2adfd0000000-2adfd00fa000 rw-p 00000000 00:00 0 
2adfd00fa000-2adfd4000000 ---p 00000000 00:00 0 
2adfd4000000-2adfd4003000 ---p 00000000 00:00 0 
2adfd4003000-2adfd4101000 rw-p 00000000 00:00 0 
2adfd4101000-2adfd4104000 ---p 00000000 00:00 0 
2adfd4104000-2adfd4202000 rw-p 00000000 00:00 0 
2adfd8000000-2adfd8021000 rw-p 00000000 00:00 0 
2adfd8021000-2adfdc000000 ---p 00000000 00:00 0 
2adfdc000000-2adfdc021000 rw-p 00000000 00:00 0 
2adfdc021000-2adfe0000000 ---p 00000000 00:00 0 
2adfe0000000-2adfe5e91000 r--p 00000000 09:00 774353                     /usr/lib/locale/locale-archive
2adfe5e91000-2adfe5e94000 ---p 00000000 00:00 0 
2adfe5e94000-2adfe5f92000 rw-p 00000000 00:00 0 
2adfe5f92000-2adfe5f95000 ---p 00000000 00:00 0 
2adfe5f95000-2adfe6093000 rw-p 00000000 00:00 0 
2adfe6093000-2adfe6096000 ---p 00000000 00:00 0 
2adfe6096000-2adfe6194000 rw-p 00000000 00:00 0 
2adfe6194000-2adfe6197000 ---p 00000000 00:00 0 
2adfe6197000-2adfe6295000 rw-p 00000000 00:00 0 
2adfe6295000-2adfe6298000 ---p 00000000 00:00 0 
2adfe6298000-2adfe6396000 rw-p 00000000 00:00 0 
2adfe8000000-2adfe8021000 rw-p 00000000 00:00 0 
2adfe8021000-2adfec000000 ---p 00000000 00:00 0 
2adfec000000-2adfec3e8000 rw-p 00000000 00:00 0 
2adfec3e8000-2adff0000000 ---p 00000000 00:00 0 
2adff0000000-2adff0489000 rw-p 00000000 00:00 0 
2adff0489000-2adff4000000 ---p 00000000 00:00 0 
2adff4000000-2adff4ea6000 rw-p 00000000 00:00 0 
2adff4ea6000-2adff8000000 ---p 00000000 00:00 0 
2adff8000000-2adff9723000 rw-p 00000000 00:00 0 
2adff9723000-2adffc000000 ---p 00000000 00:00 0 
2adffc000000-2adffc003000 ---p 00000000 00:00 0 
2adffc003000-2adffc101000 rw-p 00000000 00:00 0 
2adffc101000-2adffc104000 ---p 00000000 00:00 0 
2adffc104000-2adffc202000 rw-p 00000000 00:00 0 
2ae000000000-2ae000731000 rw-p 00000000 00:00 0 
2ae000731000-2ae004000000 ---p 00000000 00:00 0 
2ae004000000-2ae004d35000 rw-p 00000000 00:00 0 
2ae004d35000-2ae008000000 ---p 00000000 00:00 0 
2ae008000000-2ae008003000 ---p 00000000 00:00 0 
2ae008003000-2ae008101000 rw-p 00000000 00:00 0 
2ae008101000-2ae008104000 ---p 00000000 00:00 0 
2ae008104000-2ae008202000 rw-p 00000000 00:00 0 
2ae00c000000-2ae00c6d9000 rw-p 00000000 00:00 0 
2ae00c6d9000-2ae010000000 ---p 00000000 00:00 0 
2ae010000000-2ae0103ed000 rw-p 00000000 00:00 0 
2ae0103ed000-2ae014000000 ---p 00000000 00:00 0 
2ae014000000-2ae014003000 ---p 00000000 00:00 0 
2ae014003000-2ae014101000 rw-p 00000000 00:00 0 
2ae014101000-2ae014104000 ---p 00000000 00:00 0 
2ae014104000-2ae014202000 rw-p 00000000 00:00 0 
2ae018000000-2ae01815c000 rw-p 00000000 00:00 0 
2ae01815c000-2ae01c000000 ---p 00000000 00:00 0 
2ae01c000000-2ae01c3d8000 rw-p 00000000 00:00 0 
2ae01c3d8000-2ae020000000 ---p 00000000 00:00 0 
2ae020000000-2ae020003000 ---p 00000000 00:00 0 
2ae020003000-2ae020101000 rw-p 00000000 00:00 0 
2ae020101000-2ae020104000 ---p 00000000 00:00 0 
2ae020104000-2ae020202000 rw-p 00000000 00:00 0 
2ae024000000-2ae02418a000 rw-p 00000000 00:00 0 
2ae02418a000-2ae028000000 ---p 00000000 00:00 0 
2ae028000000-2ae0282f4000 rw-p 00000000 00:00 0 
2ae0282f4000-2ae02c000000 ---p 00000000 00:00 0 
2ae02c000000-2ae02c021000 rw-p 00000000 00:00 0 
2ae02c021000-2ae030000000 ---p 00000000 00:00 0 
2ae030000000-2ae030021000 rw-p 00000000 00:00 0 
2ae030021000-2ae034000000 ---p 00000000 00:00 0 
2ae034000000-2ae034021000 rw-p 00000000 00:00 0 
2ae034021000-2ae038000000 ---p 00000000 00:00 0 
2ae038000000-2ae038021000 rw-p 00000000 00:00 0 
2ae038021000-2ae03c000000 ---p 00000000 00:00 0 
2ae03c000000-2ae03c969000 rw-p 00000000 00:00 0 
2ae03c969000-2ae040000000 ---p 00000000 00:00 0 
2ae040000000-2ae040021000 rw-p 00000000 00:00 0 
2ae040021000-2ae044000000 ---p 00000000 00:00 0 
2ae044000000-2ae044021000 rw-p 00000000 00:00 0 
2ae044021000-2ae048000000 ---p 00000000 00:00 0 
2ae048000000-2ae048025000 rw-p 00000000 00:00 0 
2ae048025000-2ae04c000000 ---p 00000000 00:00 0 
2ae04c000000-2ae04c021000 rw-p 00000000 00:00 0 
2ae04c021000-2ae050000000 ---p 00000000 00:00 0 
2ae050000000-2ae050021000 rw-p 00000000 00:00 0 
2ae050021000-2ae054000000 ---p 00000000 00:00 0 
2ae054000000-2ae054070000 rw-p 00000000 00:00 0 
2ae054070000-2ae058000000 ---p 00000000 00:00 0 
2ae058000000-2ae05819a000 rw-p 00000000 00:00 0 
2ae05819a000-2ae05c000000 ---p 00000000 00:00 0 
2ae05c000000-2ae05c021000 rw-p 00000000 00:00 0 
2ae05c021000-2ae060000000 ---p 00000000 00:00 0 
2ae060000000-2ae060021000 rw-p 00000000 00:00 0 
2ae060021000-2ae064000000 ---p 00000000 00:00 0 
2ae064000000-2ae064021000 rw-p 00000000 00:00 0 
2ae064021000-2ae068000000 ---p 00000000 00:00 0 
2ae068000000-2ae068021000 rw-p 00000000 00:00 0 
2ae068021000-2ae06c000000 ---p 00000000 00:00 0 
2ae06c000000-2ae06c021000 rw-p 00000000 00:00 0 
2ae06c021000-2ae070000000 ---p 00000000 00:00 0 
2ae070000000-2ae070021000 rw-p 00000000 00:00 0 
2ae070021000-2ae074000000 ---p 00000000 00:00 0 
2ae074000000-2ae074021000 rw-p 00000000 00:00 0 
2ae074021000-2ae078000000 ---p 00000000 00:00 0 
2ae078000000-2ae078021000 rw-p 00000000 00:00 0 
2ae078021000-2ae07c000000 ---p 00000000 00:00 0 
2ae07c000000-2ae07c021000 rw-p 00000000 00:00 0 
2ae07c021000-2ae080000000 ---p 00000000 00:00 0 
2ae080000000-2ae080021000 rw-p 00000000 00:00 0 
2ae080021000-2ae084000000 ---p 00000000 00:00 0 
2ae084000000-2ae084003000 ---p 00000000 00:00 0 
2ae084003000-2ae084101000 rw-p 00000000 00:00 0 
2ae088000000-2ae088021000 rw-p 00000000 00:00 0 
2ae088021000-2ae08c000000 ---p 00000000 00:00 0 
2ae08c000000-2ae08c021000 rw-p 00000000 00:00 0 
2ae08c021000-2ae090000000 ---p 00000000 00:00 0 
2ae090000000-2ae090021000 rw-p 00000000 00:00 0 
2ae090021000-2ae094000000 ---p 00000000 00:00 0 
2ae094000000-2ae094021000 rw-p 00000000 00:00 0 
2ae094021000-2ae098000000 ---p 00000000 00:00 0 
2ae098000000-2ae098021000 rw-p 00000000 00:00 0 
2ae098021000-2ae09c000000 ---p 00000000 00:00 0 
2ae09c000000-2ae09c021000 rw-p 00000000 00:00 0 
2ae09c021000-2ae0a0000000 ---p 00000000 00:00 0 
2ae0a0000000-2ae0a0021000 rw-p 00000000 00:00 0 
2ae0a0021000-2ae0a4000000 ---p 00000000 00:00 0 
2ae0a4000000-2ae0a427f000 rw-p 00000000 00:00 0 
2ae0a427f000-2ae0a8000000 ---p 00000000 00:00 0 
2ae0a8000000-2ae0a8003000 ---p 00000000 00:00 0 
2ae0a8003000-2ae0a8101000 rw-p 00000000 00:00 0 
2ae0ac000000-2ae0ac021000 rw-p 00000000 00:00 0 
2ae0ac021000-2ae0b0000000 ---p 00000000 00:00 0 
2ae0b0000000-2ae0b0021000 rw-p 00000000 00:00 0 
2ae0b0021000-2ae0b4000000 ---p 00000000 00:00 0 
2ae0b4000000-2ae0b4021000 rw-p 00000000 00:00 0 
2ae0b4021000-2ae0b8000000 ---p 00000000 00:00 0 
2ae0b8000000-2ae0b8021000 rw-p 00000000 00:00 0 
2ae0b8021000-2ae0bc000000 ---p 00000000 00:00 0 
2ae0bc000000-2ae0bc021000 rw-p 00000000 00:00 0 
2ae0bc021000-2ae0c0000000 ---p 00000000 00:00 0 
2ae0c0000000-2ae0c0021000 rw-p 00000000 00:00 0 
2ae0c0021000-2ae0c4000000 ---p 00000000 00:00 0 
2ae0c4000000-2ae0c402d000 rw-p 00000000 00:00 0 
2ae0c402d000-2ae0c8000000 ---p 00000000 00:00 0 
2ae0c8000000-2ae0c8021000 rw-p 00000000 00:00 0 
2ae0c8021000-2ae0cc000000 ---p 00000000 00:00 0 
2ae0cc000000-2ae0cc092000 rw-p 00000000 00:00 0 
2ae0cc092000-2ae0d0000000 ---p 00000000 00:00 0 
2ae0d0000000-2ae0d0021000 rw-p 00000000 00:00 0 
2ae0d0021000-2ae0d4000000 ---p 00000000 00:00 0 
2ae0d4000000-2ae0d427d000 rw-p 00000000 00:00 0 
2ae0d427d000-2ae0d8000000 ---p 00000000 00:00 0 
2ae0d8000000-2ae0d8021000 rw-p 00000000 00:00 0 
2ae0d8021000-2ae0dc000000 ---p 00000000 00:00 0 
2ae0dc000000-2ae0dc021000 rw-p 00000000 00:00 0 
2ae0dc021000-2ae0e0000000 ---p 00000000 00:00 0 
2ae0e0000000-2ae0e0003000 ---p 00000000 00:00 0 
2ae0e0003000-2ae0e0101000 rw-p 00000000 00:00 0 
2ae0e4000000-2ae0e4028000 rw-p 00000000 00:00 0 
2ae0e4028000-2ae0e8000000 ---p 00000000 00:00 0 
2ae0e8101000-2ae0e8104000 ---p 00000000 00:00 0 
2ae0e8104000-2ae0e8202000 rw-p 00000000 00:00 0 
2ae0e8202000-2ae0e8205000 ---p 00000000 00:00 0 
2ae0e8205000-2ae0e8303000 rw-p 00000000 00:00 0 
2ae0ec000000-2ae0ec021000 rw-p 00000000 00:00 0 
2ae0ec021000-2ae0f0000000 ---p 00000000 00:00 0 
2ae0f0000000-2ae0f0021000 rw-p 00000000 00:00 0 
2ae0f0021000-2ae0f4000000 ---p 00000000 00:00 0 
2ae0f4000000-2ae0f4003000 ---p 00000000 00:00 0 
2ae0f4003000-2ae0f4101000 rw-p 00000000 00:00 0 
2ae0f4101000-2ae0f4104000 ---p 00000000 00:00 0 
2ae0f4104000-2ae0f4202000 rw-p 00000000 00:00 0 
2ae0f8000000-2ae0f8021000 rw-p 00000000 00:00 0 
2ae0f8021000-2ae0fc000000 ---p 00000000 00:00 0 
2ae0fc000000-2ae0fc021000 rw-p 00000000 00:00 0 
2ae0fc021000-2ae100000000 ---p 00000000 00:00 0 
2ae100000000-2ae100021000 rw-p 00000000 00:00 0 
2ae100021000-2ae104000000 ---p 00000000 00:00 0 
2ae104000000-2ae104021000 rw-p 00000000 00:00 0 
2ae104021000-2ae108000000 ---p 00000000 00:00 0 
2ae108000000-2ae108021000 rw-p 00000000 00:00 0 
2ae108021000-2ae10c000000 ---p 00000000 00:00 0 
2ae10c000000-2ae10c003000 ---p 00000000 00:00 0 
2ae10c003000-2ae10c101000 rw-p 00000000 00:00 0 
2ae110000000-2ae110021000 rw-p 00000000 00:00 0 
2ae110021000-2ae114000000 ---p 00000000 00:00 0 
2ae114000000-2ae114021000 rw-p 00000000 00:00 0 
2ae114021000-2ae118000000 ---p 00000000 00:00 0 
2ae118000000-2ae11814e000 rw-p 00000000 00:00 0 
2ae11814e000-2ae11c000000 ---p 00000000 00:00 0 
2ae11c000000-2ae11c041000 rw-p 00000000 00:00 0 
2ae11c041000-2ae120000000 ---p 00000000 00:00 0 
2ae120000000-2ae120021000 rw-p 00000000 00:00 0 
2ae120021000-2ae124000000 ---p 00000000 00:00 0 
2ae124000000-2ae124045000 rw-p 00000000 00:00 0 
2ae124045000-2ae128000000 ---p 00000000 00:00 0 
2ae128000000-2ae128021000 rw-p 00000000 00:00 0 
2ae128021000-2ae12c000000 ---p 00000000 00:00 0 
2ae12c000000-2ae12c021000 rw-p 00000000 00:00 0 
2ae12c021000-2ae130000000 ---p 00000000 00:00 0 
2ae130000000-2ae130021000 rw-p 00000000 00:00 0 
2ae130021000-2ae134000000 ---p 00000000 00:00 0 
2ae134000000-2ae134021000 rw-p 00000000 00:00 0 
2ae134021000-2ae138000000 ---p 00000000 00:00 0 
2ae138000000-2ae138021000 rw-p 00000000 00:00 0 
2ae138021000-2ae13c000000 ---p 00000000 00:00 0 
7fffc2917000-7fffc292e000 rw-p 00000000 00:00 0                          [stack]
7fffc29ff000-7fffc2a00000 r-xp 00000000 00:00 0                          [vdso]
ffffffffff600000-ffffffffff601000 r-xp 00000000 00:00 0                  [vsyscall]

VM Arguments:
jvm_args: -Xms512m -Xmx512m 
java_command: org.apache.spark.deploy.SparkSubmit pyspark-shell
java_class_path (initial): /home1/01131/tg804093/src/supercomputing2015-tutorial/01_hadoop_on_hpc/work/spark-1.4.1-bin-hadoop2.6/conf/:/home1/01131/tg804093/src/supercomputing2015-tutorial/01_hadoop_on_hpc/work/spark-1.4.1-bin-hadoop2.6/lib/spark-assembly-1.4.1-hadoop2.6.0.jar:/home1/01131/tg804093/src/supercomputing2015-tutorial/01_hadoop_on_hpc/work/spark-1.4.1-bin-hadoop2.6/lib/datanucleus-core-3.2.10.jar:/home1/01131/tg804093/src/supercomputing2015-tutorial/01_hadoop_on_hpc/work/spark-1.4.1-bin-hadoop2.6/lib/datanucleus-rdbms-3.2.9.jar:/home1/01131/tg804093/src/supercomputing2015-tutorial/01_hadoop_on_hpc/work/spark-1.4.1-bin-hadoop2.6/lib/datanucleus-api-jdo-3.2.6.jar
Launcher Type: SUN_STANDARD

Environment Variables:
JAVA_HOME=/scratch/projects/xsede/jdk64/jdk1.8.0_25
JRE_HOME=/scratch/projects/xsede/jdk64/jdk1.8.0_25/rje
PATH=/scratch/projects/xsede/jdk64/jdk1.8.0_25/bin:/scratch/projects/xsede/jdk64/jdk1.8.0_25/rje/bin:/home1/01131/tg804093/anaconda/bin:/home1/01131/tg804093/work/hadoop-2.6.0/bin:/home1/01131/tg804093/src/protobuf-bin/bin:/work/01131/tg804093/inmemory/bin:/tmp/inmemory/tachyon-0.4.1/bin:/home1/01131/tg804093/bin:/home1/01131/tg804093/venvs:/opt/apps/xalt/0.4.6/bin:/opt/apps/intel13/mvapich2/1.9/bin:/opt/apps/intel/13/vtune_amplifier_xe_2013/bin64:/opt/apps/intel/13/composer_xe_2013.2.146/mpirt/bin/intel64:/opt/intel/sep/bin:/usr/lib64/qt-3.3/bin:/usr/local/bin:/bin:/usr/bin:/usr/X11R6/bin:/opt/ofed/bin:/opt/ofed/sbin:.:/opt/apps/intel/13/composer_xe_2013.2.146/bin/intel64:/opt/apps/intel/13/composer_xe_2013.2.146/bin/intel64_mic:/opt/apps/intel/13/composer_xe_2013.2.146/debugger/gui/intel64:/home1/01131/tg804093/src/redis-2.6.16/src:/home1/01131/tg804093/src/apache-maven-3.2.3/bin
LD_LIBRARY_PATH=/opt/apps/intel13/mvapich2/1.9/lib:/opt/apps/intel13/mvapich2/1.9/lib/shared:/opt/apps/intel/13/composer_xe_2013.2.146/tbb/lib/intel64:/opt/apps/intel/13/composer_xe_2013.2.146/compiler/lib/intel64:/opt/intel/mic/coi/host-linux-release/lib:/opt/intel/mic/myo/lib:/opt/apps/intel/13/composer_xe_2013.2.146/mpirt/lib/intel64:/opt/apps/intel/13/composer_xe_2013.2.146/compiler/lib/intel64:/opt/apps/intel/13/composer_xe_2013.2.146/ipp/lib/intel64:/opt/apps/intel/13/composer_xe_2013.2.146/compiler/lib/intel64:/opt/apps/intel/13/composer_xe_2013.2.146/mkl/lib/intel64:/opt/apps/intel/13/composer_xe_2013.2.146/tbb/lib/intel64:/home1/01131/tg804093/src/protobuf-bin//lib:/home1/01131/tg804093/work/hadoop-2.6.0/lib/native
SHELL=/bin/bash

Signal Handlers:
SIGSEGV: [libjvm.so+0xa79a80], sa_mask[0]=11111111011111111101111111111110, sa_flags=SA_RESTART|SA_SIGINFO
SIGBUS: [libjvm.so+0xa79a80], sa_mask[0]=11111111011111111101111111111110, sa_flags=SA_RESTART|SA_SIGINFO
SIGFPE: [libjvm.so+0x8e24e0], sa_mask[0]=11111111011111111101111111111110, sa_flags=SA_RESTART|SA_SIGINFO
SIGPIPE: [libjvm.so+0x8e24e0], sa_mask[0]=11111111011111111101111111111110, sa_flags=SA_RESTART|SA_SIGINFO
SIGXFSZ: [libjvm.so+0x8e24e0], sa_mask[0]=11111111011111111101111111111110, sa_flags=SA_RESTART|SA_SIGINFO
SIGILL: [libjvm.so+0x8e24e0], sa_mask[0]=11111111011111111101111111111110, sa_flags=SA_RESTART|SA_SIGINFO
SIGUSR1: SIG_DFL, sa_mask[0]=00000000000000000000000000000000, sa_flags=none
SIGUSR2: [libjvm.so+0x8e3d10], sa_mask[0]=00000000000000000000000000000000, sa_flags=SA_RESTART|SA_SIGINFO
SIGHUP: [libjvm.so+0x8e50d0], sa_mask[0]=11111111011111111101111111111110, sa_flags=SA_RESTART|SA_SIGINFO
SIGINT: SIG_IGN, sa_mask[0]=00000000000000000000000000000000, sa_flags=none
SIGTERM: [libjvm.so+0x8e50d0], sa_mask[0]=11111111011111111101111111111110, sa_flags=SA_RESTART|SA_SIGINFO
SIGQUIT: [libjvm.so+0x8e50d0], sa_mask[0]=11111111011111111101111111111110, sa_flags=SA_RESTART|SA_SIGINFO


---------------  S Y S T E M  ---------------

OS:CentOS release 6.6 (Final)

uname:Linux 2.6.32-431.17.1.el6.x86_64 #1 SMP Wed May 7 23:32:49 UTC 2014 x86_64
libc:glibc 2.12 NPTL 2.12 
rlimit: STACK infinity, CORE 0k, NPROC 150, NOFILE 4096, AS 8388608k
load average:5.52 4.64 4.56

/proc/meminfo:
MemTotal:       65920824 kB
MemFree:        30020464 kB
Buffers:          752952 kB
Cached:         23876620 kB
SwapCached:            0 kB
Active:          2414460 kB
Inactive:       23553364 kB
Active(anon):    1016488 kB
Inactive(anon):   323396 kB
Active(file):    1397972 kB
Inactive(file): 23229968 kB
Unevictable:           0 kB
Mlocked:               0 kB
SwapTotal:       4194296 kB
SwapFree:        4194296 kB
Dirty:             15540 kB
Writeback:          9568 kB
AnonPages:       1338708 kB
Mapped:            37276 kB
Shmem:              1548 kB
Slab:            7818556 kB
SReclaimable:     371084 kB
SUnreclaim:      7447472 kB
KernelStack:        9912 kB
PageTables:        79036 kB
NFS_Unstable:          0 kB
Bounce:                0 kB
WritebackTmp:          0 kB
CommitLimit:    37154708 kB
Committed_AS:    2880624 kB
VmallocTotal:   34359738367 kB
VmallocUsed:     1630564 kB
VmallocChunk:   34324365288 kB
HardwareCorrupted:     0 kB
AnonHugePages:         0 kB
HugePages_Total:       0
HugePages_Free:        0
HugePages_Rsvd:        0
HugePages_Surp:        0
Hugepagesize:       2048 kB
DirectMap4k:        5056 kB
DirectMap2M:     2045952 kB
DirectMap1G:    65011712 kB


CPU:total 16 (8 cores per cpu, 2 threads per core) family 6 model 45 stepping 7, cmov, cx8, fxsr, mmx, sse, sse2, sse3, ssse3, sse4.1, sse4.2, popcnt, avx, aes, clmul, ht, tsc, tscinvbit, tscinv

/proc/cpuinfo:
processor	: 0
vendor_id	: GenuineIntel
cpu family	: 6
model		: 45
model name	: Intel(R) Xeon(R) CPU E5-2680 0 @ 2.70GHz
stepping	: 7
cpu MHz		: 2700.039
cache size	: 20480 KB
physical id	: 0
siblings	: 8
core id		: 0
cpu cores	: 8
apicid		: 0
initial apicid	: 0
fpu		: yes
fpu_exception	: yes
cpuid level	: 13
wp		: yes
flags		: fpu vme de pse tsc msr pae mce cx8 apic sep mtrr pge mca cmov pat pse36 clflush dts acpi mmx fxsr sse sse2 ss ht tm pbe syscall nx pdpe1gb rdtscp lm constant_tsc arch_perfmon pebs bts rep_good xtopology nonstop_tsc aperfmperf pni pclmulqdq dtes64 monitor ds_cpl vmx smx est tm2 ssse3 cx16 xtpr pdcm pcid dca sse4_1 sse4_2 x2apic popcnt tsc_deadline_timer aes xsave avx lahf_lm ida arat xsaveopt pln pts dts tpr_shadow vnmi flexpriority ept vpid
bogomips	: 5400.07
clflush size	: 64
cache_alignment	: 64
address sizes	: 46 bits physical, 48 bits virtual
power management:

processor	: 1
vendor_id	: GenuineIntel
cpu family	: 6
model		: 45
model name	: Intel(R) Xeon(R) CPU E5-2680 0 @ 2.70GHz
stepping	: 7
cpu MHz		: 2700.039
cache size	: 20480 KB
physical id	: 1
siblings	: 8
core id		: 0
cpu cores	: 8
apicid		: 32
initial apicid	: 32
fpu		: yes
fpu_exception	: yes
cpuid level	: 13
wp		: yes
flags		: fpu vme de pse tsc msr pae mce cx8 apic sep mtrr pge mca cmov pat pse36 clflush dts acpi mmx fxsr sse sse2 ss ht tm pbe syscall nx pdpe1gb rdtscp lm constant_tsc arch_perfmon pebs bts rep_good xtopology nonstop_tsc aperfmperf pni pclmulqdq dtes64 monitor ds_cpl vmx smx est tm2 ssse3 cx16 xtpr pdcm pcid dca sse4_1 sse4_2 x2apic popcnt tsc_deadline_timer aes xsave avx lahf_lm ida arat xsaveopt pln pts dts tpr_shadow vnmi flexpriority ept vpid
bogomips	: 5399.27
clflush size	: 64
cache_alignment	: 64
address sizes	: 46 bits physical, 48 bits virtual
power management:

processor	: 2
vendor_id	: GenuineIntel
cpu family	: 6
model		: 45
model name	: Intel(R) Xeon(R) CPU E5-2680 0 @ 2.70GHz
stepping	: 7
cpu MHz		: 2700.039
cache size	: 20480 KB
physical id	: 0
siblings	: 8
core id		: 1
cpu cores	: 8
apicid		: 2
initial apicid	: 2
fpu		: yes
fpu_exception	: yes
cpuid level	: 13
wp		: yes
flags		: fpu vme de pse tsc msr pae mce cx8 apic sep mtrr pge mca cmov pat pse36 clflush dts acpi mmx fxsr sse sse2 ss ht tm pbe syscall nx pdpe1gb rdtscp lm constant_tsc arch_perfmon pebs bts rep_good xtopology nonstop_tsc aperfmperf pni pclmulqdq dtes64 monitor ds_cpl vmx smx est tm2 ssse3 cx16 xtpr pdcm pcid dca sse4_1 sse4_2 x2apic popcnt tsc_deadline_timer aes xsave avx lahf_lm ida arat xsaveopt pln pts dts tpr_shadow vnmi flexpriority ept vpid
bogomips	: 5400.07
clflush size	: 64
cache_alignment	: 64
address sizes	: 46 bits physical, 48 bits virtual
power management:

processor	: 3
vendor_id	: GenuineIntel
cpu family	: 6
model		: 45
model name	: Intel(R) Xeon(R) CPU E5-2680 0 @ 2.70GHz
stepping	: 7
cpu MHz		: 2700.039
cache size	: 20480 KB
physical id	: 1
siblings	: 8
core id		: 1
cpu cores	: 8
apicid		: 34
initial apicid	: 34
fpu		: yes
fpu_exception	: yes
cpuid level	: 13
wp		: yes
flags		: fpu vme de pse tsc msr pae mce cx8 apic sep mtrr pge mca cmov pat pse36 clflush dts acpi mmx fxsr sse sse2 ss ht tm pbe syscall nx pdpe1gb rdtscp lm constant_tsc arch_perfmon pebs bts rep_good xtopology nonstop_tsc aperfmperf pni pclmulqdq dtes64 monitor ds_cpl vmx smx est tm2 ssse3 cx16 xtpr pdcm pcid dca sse4_1 sse4_2 x2apic popcnt tsc_deadline_timer aes xsave avx lahf_lm ida arat xsaveopt pln pts dts tpr_shadow vnmi flexpriority ept vpid
bogomips	: 5399.27
clflush size	: 64
cache_alignment	: 64
address sizes	: 46 bits physical, 48 bits virtual
power management:

processor	: 4
vendor_id	: GenuineIntel
cpu family	: 6
model		: 45
model name	: Intel(R) Xeon(R) CPU E5-2680 0 @ 2.70GHz
stepping	: 7
cpu MHz		: 2700.039
cache size	: 20480 KB
physical id	: 0
siblings	: 8
core id		: 2
cpu cores	: 8
apicid		: 4
initial apicid	: 4
fpu		: yes
fpu_exception	: yes
cpuid level	: 13
wp		: yes
flags		: fpu vme de pse tsc msr pae mce cx8 apic sep mtrr pge mca cmov pat pse36 clflush dts acpi mmx fxsr sse sse2 ss ht tm pbe syscall nx pdpe1gb rdtscp lm constant_tsc arch_perfmon pebs bts rep_good xtopology nonstop_tsc aperfmperf pni pclmulqdq dtes64 monitor ds_cpl vmx smx est tm2 ssse3 cx16 xtpr pdcm pcid dca sse4_1 sse4_2 x2apic popcnt tsc_deadline_timer aes xsave avx lahf_lm ida arat xsaveopt pln pts dts tpr_shadow vnmi flexpriority ept vpid
bogomips	: 5400.07
clflush size	: 64
cache_alignment	: 64
address sizes	: 46 bits physical, 48 bits virtual
power management:

processor	: 5
vendor_id	: GenuineIntel
cpu family	: 6
model		: 45
model name	: Intel(R) Xeon(R) CPU E5-2680 0 @ 2.70GHz
stepping	: 7
cpu MHz		: 2700.039
cache size	: 20480 KB
physical id	: 1
siblings	: 8
core id		: 2
cpu cores	: 8
apicid		: 36
initial apicid	: 36
fpu		: yes
fpu_exception	: yes
cpuid level	: 13
wp		: yes
flags		: fpu vme de pse tsc msr pae mce cx8 apic sep mtrr pge mca cmov pat pse36 clflush dts acpi mmx fxsr sse sse2 ss ht tm pbe syscall nx pdpe1gb rdtscp lm constant_tsc arch_perfmon pebs bts rep_good xtopology nonstop_tsc aperfmperf pni pclmulqdq dtes64 monitor ds_cpl vmx smx est tm2 ssse3 cx16 xtpr pdcm pcid dca sse4_1 sse4_2 x2apic popcnt tsc_deadline_timer aes xsave avx lahf_lm ida arat xsaveopt pln pts dts tpr_shadow vnmi flexpriority ept vpid
bogomips	: 5399.27
clflush size	: 64
cache_alignment	: 64
address sizes	: 46 bits physical, 48 bits virtual
power management:

processor	: 6
vendor_id	: GenuineIntel
cpu family	: 6
model		: 45
model name	: Intel(R) Xeon(R) CPU E5-2680 0 @ 2.70GHz
stepping	: 7
cpu MHz		: 2700.039
cache size	: 20480 KB
physical id	: 0
siblings	: 8
core id		: 3
cpu cores	: 8
apicid		: 6
initial apicid	: 6
fpu		: yes
fpu_exception	: yes
cpuid level	: 13
wp		: yes
flags		: fpu vme de pse tsc msr pae mce cx8 apic sep mtrr pge mca cmov pat pse36 clflush dts acpi mmx fxsr sse sse2 ss ht tm pbe syscall nx pdpe1gb rdtscp lm constant_tsc arch_perfmon pebs bts rep_good xtopology nonstop_tsc aperfmperf pni pclmulqdq dtes64 monitor ds_cpl vmx smx est tm2 ssse3 cx16 xtpr pdcm pcid dca sse4_1 sse4_2 x2apic popcnt tsc_deadline_timer aes xsave avx lahf_lm ida arat xsaveopt pln pts dts tpr_shadow vnmi flexpriority ept vpid
bogomips	: 5400.07
clflush size	: 64
cache_alignment	: 64
address sizes	: 46 bits physical, 48 bits virtual
power management:

processor	: 7
vendor_id	: GenuineIntel
cpu family	: 6
model		: 45
model name	: Intel(R) Xeon(R) CPU E5-2680 0 @ 2.70GHz
stepping	: 7
cpu MHz		: 2700.039
cache size	: 20480 KB
physical id	: 1
siblings	: 8
core id		: 3
cpu cores	: 8
apicid		: 38
initial apicid	: 38
fpu		: yes
fpu_exception	: yes
cpuid level	: 13
wp		: yes
flags		: fpu vme de pse tsc msr pae mce cx8 apic sep mtrr pge mca cmov pat pse36 clflush dts acpi mmx fxsr sse sse2 ss ht tm pbe syscall nx pdpe1gb rdtscp lm constant_tsc arch_perfmon pebs bts rep_good xtopology nonstop_tsc aperfmperf pni pclmulqdq dtes64 monitor ds_cpl vmx smx est tm2 ssse3 cx16 xtpr pdcm pcid dca sse4_1 sse4_2 x2apic popcnt tsc_deadline_timer aes xsave avx lahf_lm ida arat xsaveopt pln pts dts tpr_shadow vnmi flexpriority ept vpid
bogomips	: 5399.27
clflush size	: 64
cache_alignment	: 64
address sizes	: 46 bits physical, 48 bits virtual
power management:

processor	: 8
vendor_id	: GenuineIntel
cpu family	: 6
model		: 45
model name	: Intel(R) Xeon(R) CPU E5-2680 0 @ 2.70GHz
stepping	: 7
cpu MHz		: 2700.039
cache size	: 20480 KB
physical id	: 0
siblings	: 8
core id		: 4
cpu cores	: 8
apicid		: 8
initial apicid	: 8
fpu		: yes
fpu_exception	: yes
cpuid level	: 13
wp		: yes
flags		: fpu vme de pse tsc msr pae mce cx8 apic sep mtrr pge mca cmov pat pse36 clflush dts acpi mmx fxsr sse sse2 ss ht tm pbe syscall nx pdpe1gb rdtscp lm constant_tsc arch_perfmon pebs bts rep_good xtopology nonstop_tsc aperfmperf pni pclmulqdq dtes64 monitor ds_cpl vmx smx est tm2 ssse3 cx16 xtpr pdcm pcid dca sse4_1 sse4_2 x2apic popcnt tsc_deadline_timer aes xsave avx lahf_lm ida arat xsaveopt pln pts dts tpr_shadow vnmi flexpriority ept vpid
bogomips	: 5400.07
clflush size	: 64
cache_alignment	: 64
address sizes	: 46 bits physical, 48 bits virtual
power management:

processor	: 9
vendor_id	: GenuineIntel
cpu family	: 6
model		: 45
model name	: Intel(R) Xeon(R) CPU E5-2680 0 @ 2.70GHz
stepping	: 7
cpu MHz		: 2700.039
cache size	: 20480 KB
physical id	: 1
siblings	: 8
core id		: 4
cpu cores	: 8
apicid		: 40
initial apicid	: 40
fpu		: yes
fpu_exception	: yes
cpuid level	: 13
wp		: yes
flags		: fpu vme de pse tsc msr pae mce cx8 apic sep mtrr pge mca cmov pat pse36 clflush dts acpi mmx fxsr sse sse2 ss ht tm pbe syscall nx pdpe1gb rdtscp lm constant_tsc arch_perfmon pebs bts rep_good xtopology nonstop_tsc aperfmperf pni pclmulqdq dtes64 monitor ds_cpl vmx smx est tm2 ssse3 cx16 xtpr pdcm pcid dca sse4_1 sse4_2 x2apic popcnt tsc_deadline_timer aes xsave avx lahf_lm ida arat xsaveopt pln pts dts tpr_shadow vnmi flexpriority ept vpid
bogomips	: 5399.27
clflush size	: 64
cache_alignment	: 64
address sizes	: 46 bits physical, 48 bits virtual
power management:

processor	: 10
vendor_id	: GenuineIntel
cpu family	: 6
model		: 45
model name	: Intel(R) Xeon(R) CPU E5-2680 0 @ 2.70GHz
stepping	: 7
cpu MHz		: 2700.039
cache size	: 20480 KB
physical id	: 0
siblings	: 8
core id		: 5
cpu cores	: 8
apicid		: 10
initial apicid	: 10
fpu		: yes
fpu_exception	: yes
cpuid level	: 13
wp		: yes
flags		: fpu vme de pse tsc msr pae mce cx8 apic sep mtrr pge mca cmov pat pse36 clflush dts acpi mmx fxsr sse sse2 ss ht tm pbe syscall nx pdpe1gb rdtscp lm constant_tsc arch_perfmon pebs bts rep_good xtopology nonstop_tsc aperfmperf pni pclmulqdq dtes64 monitor ds_cpl vmx smx est tm2 ssse3 cx16 xtpr pdcm pcid dca sse4_1 sse4_2 x2apic popcnt tsc_deadline_timer aes xsave avx lahf_lm ida arat xsaveopt pln pts dts tpr_shadow vnmi flexpriority ept vpid
bogomips	: 5400.07
clflush size	: 64
cache_alignment	: 64
address sizes	: 46 bits physical, 48 bits virtual
power management:

processor	: 11
vendor_id	: GenuineIntel
cpu family	: 6
model		: 45
model name	: Intel(R) Xeon(R) CPU E5-2680 0 @ 2.70GHz
stepping	: 7
cpu MHz		: 2700.039
cache size	: 20480 KB
physical id	: 1
siblings	: 8
core id		: 5
cpu cores	: 8
apicid		: 42
initial apicid	: 42
fpu		: yes
fpu_exception	: yes
cpuid level	: 13
wp		: yes
flags		: fpu vme de pse tsc msr pae mce cx8 apic sep mtrr pge mca cmov pat pse36 clflush dts acpi mmx fxsr sse sse2 ss ht tm pbe syscall nx pdpe1gb rdtscp lm constant_tsc arch_perfmon pebs bts rep_good xtopology nonstop_tsc aperfmperf pni pclmulqdq dtes64 monitor ds_cpl vmx smx est tm2 ssse3 cx16 xtpr pdcm pcid dca sse4_1 sse4_2 x2apic popcnt tsc_deadline_timer aes xsave avx lahf_lm ida arat xsaveopt pln pts dts tpr_shadow vnmi flexpriority ept vpid
bogomips	: 5399.27
clflush size	: 64
cache_alignment	: 64
address sizes	: 46 bits physical, 48 bits virtual
power management:

processor	: 12
vendor_id	: GenuineIntel
cpu family	: 6
model		: 45
model name	: Intel(R) Xeon(R) CPU E5-2680 0 @ 2.70GHz
stepping	: 7
cpu MHz		: 2700.039
cache size	: 20480 KB
physical id	: 0
siblings	: 8
core id		: 6
cpu cores	: 8
apicid		: 12
initial apicid	: 12
fpu		: yes
fpu_exception	: yes
cpuid level	: 13
wp		: yes
flags		: fpu vme de pse tsc msr pae mce cx8 apic sep mtrr pge mca cmov pat pse36 clflush dts acpi mmx fxsr sse sse2 ss ht tm pbe syscall nx pdpe1gb rdtscp lm constant_tsc arch_perfmon pebs bts rep_good xtopology nonstop_tsc aperfmperf pni pclmulqdq dtes64 monitor ds_cpl vmx smx est tm2 ssse3 cx16 xtpr pdcm pcid dca sse4_1 sse4_2 x2apic popcnt tsc_deadline_timer aes xsave avx lahf_lm ida arat xsaveopt pln pts dts tpr_shadow vnmi flexpriority ept vpid
bogomips	: 5400.07
clflush size	: 64
cache_alignment	: 64
address sizes	: 46 bits physical, 48 bits virtual
power management:

processor	: 13
vendor_id	: GenuineIntel
cpu family	: 6
model		: 45
model name	: Intel(R) Xeon(R) CPU E5-2680 0 @ 2.70GHz
stepping	: 7
cpu MHz		: 2700.039
cache size	: 20480 KB
physical id	: 1
siblings	: 8
core id		: 6
cpu cores	: 8
apicid		: 44
initial apicid	: 44
fpu		: yes
fpu_exception	: yes
cpuid level	: 13
wp		: yes
flags		: fpu vme de pse tsc msr pae mce cx8 apic sep mtrr pge mca cmov pat pse36 clflush dts acpi mmx fxsr sse sse2 ss ht tm pbe syscall nx pdpe1gb rdtscp lm constant_tsc arch_perfmon pebs bts rep_good xtopology nonstop_tsc aperfmperf pni pclmulqdq dtes64 monitor ds_cpl vmx smx est tm2 ssse3 cx16 xtpr pdcm pcid dca sse4_1 sse4_2 x2apic popcnt tsc_deadline_timer aes xsave avx lahf_lm ida arat xsaveopt pln pts dts tpr_shadow vnmi flexpriority ept vpid
bogomips	: 5399.27
clflush size	: 64
cache_alignment	: 64
address sizes	: 46 bits physical, 48 bits virtual
power management:

processor	: 14
vendor_id	: GenuineIntel
cpu family	: 6
model		: 45
model name	: Intel(R) Xeon(R) CPU E5-2680 0 @ 2.70GHz
stepping	: 7
cpu MHz		: 2700.039
cache size	: 20480 KB
physical id	: 0
siblings	: 8
core id		: 7
cpu cores	: 8
apicid		: 14
initial apicid	: 14
fpu		: yes
fpu_exception	: yes
cpuid level	: 13
wp		: yes
flags		: fpu vme de pse tsc msr pae mce cx8 apic sep mtrr pge mca cmov pat pse36 clflush dts acpi mmx fxsr sse sse2 ss ht tm pbe syscall nx pdpe1gb rdtscp lm constant_tsc arch_perfmon pebs bts rep_good xtopology nonstop_tsc aperfmperf pni pclmulqdq dtes64 monitor ds_cpl vmx smx est tm2 ssse3 cx16 xtpr pdcm pcid dca sse4_1 sse4_2 x2apic popcnt tsc_deadline_timer aes xsave avx lahf_lm ida arat xsaveopt pln pts dts tpr_shadow vnmi flexpriority ept vpid
bogomips	: 5400.07
clflush size	: 64
cache_alignment	: 64
address sizes	: 46 bits physical, 48 bits virtual
power management:

processor	: 15
vendor_id	: GenuineIntel
cpu family	: 6
model		: 45
model name	: Intel(R) Xeon(R) CPU E5-2680 0 @ 2.70GHz
stepping	: 7
cpu MHz		: 2700.039
cache size	: 20480 KB
physical id	: 1
siblings	: 8
core id		: 7
cpu cores	: 8
apicid		: 46
initial apicid	: 46
fpu		: yes
fpu_exception	: yes
cpuid level	: 13
wp		: yes
flags		: fpu vme de pse tsc msr pae mce cx8 apic sep mtrr pge mca cmov pat pse36 clflush dts acpi mmx fxsr sse sse2 ss ht tm pbe syscall nx pdpe1gb rdtscp lm constant_tsc arch_perfmon pebs bts rep_good xtopology nonstop_tsc aperfmperf pni pclmulqdq dtes64 monitor ds_cpl vmx smx est tm2 ssse3 cx16 xtpr pdcm pcid dca sse4_1 sse4_2 x2apic popcnt tsc_deadline_timer aes xsave avx lahf_lm ida arat xsaveopt pln pts dts tpr_shadow vnmi flexpriority ept vpid
bogomips	: 5399.27
clflush size	: 64
cache_alignment	: 64
address sizes	: 46 bits physical, 48 bits virtual
power management:



Memory: 4k page, physical 65920824k(30008272k free), swap 4194296k(4194296k free)

vm_info: Java HotSpot(TM) 64-Bit Server VM (25.25-b02) for linux-amd64 JRE (1.8.0_25-b17), built on Sep 17 2014 17:32:11 by "java_re" with gcc 4.3.0 20080428 (Red Hat 4.3.0-8)

time: Wed Jul 29 21:06:20 2015
elapsed time: 1248 seconds (0d 0h 20m 48s)

